Using pre-set license
Built from '2021.3/staging' branch; Version is '2021.3.14f1 (eee1884e7226) revision 15655304'; Using compiler version '192829333'; Build Type 'Release'
OS: 'Windows 11  (10.0.22621) 64bit Core' Language: 'nl' Physical Memory: 16253 MB
BatchMode: 1, IsHumanControllingUs: 0, StartBugReporterOnCrash: 0, Is64bit: 1, IsPro: 1

COMMAND LINE ARGUMENTS:
C:\Program Files\Unity\Hub\Editor\2021.3.14f1\Editor\Unity.exe
-adb2
-batchMode
-noUpm
-name
AssetImportWorker5
-projectPath
C:/Users/bram/PnO5
-logFile
Logs/AssetImportWorker5.log
-srvPort
49212
Successfully changed project path to: C:/Users/bram/PnO5
C:/Users/bram/PnO5
[UnityMemory] Configuration Parameters - Can be set up in boot.config
    "memorysetup-bucket-allocator-granularity=16"
    "memorysetup-bucket-allocator-bucket-count=8"
    "memorysetup-bucket-allocator-block-size=33554432"
    "memorysetup-bucket-allocator-block-count=8"
    "memorysetup-main-allocator-block-size=16777216"
    "memorysetup-thread-allocator-block-size=16777216"
    "memorysetup-gfx-main-allocator-block-size=16777216"
    "memorysetup-gfx-thread-allocator-block-size=16777216"
    "memorysetup-cache-allocator-block-size=4194304"
    "memorysetup-typetree-allocator-block-size=2097152"
    "memorysetup-profiler-bucket-allocator-granularity=16"
    "memorysetup-profiler-bucket-allocator-bucket-count=8"
    "memorysetup-profiler-bucket-allocator-block-size=33554432"
    "memorysetup-profiler-bucket-allocator-block-count=8"
    "memorysetup-profiler-allocator-block-size=16777216"
    "memorysetup-profiler-editor-allocator-block-size=1048576"
    "memorysetup-temp-allocator-size-main=16777216"
    "memorysetup-job-temp-allocator-block-size=2097152"
    "memorysetup-job-temp-allocator-block-size-background=1048576"
    "memorysetup-job-temp-allocator-reduction-small-platforms=262144"
    "memorysetup-temp-allocator-size-background-worker=32768"
    "memorysetup-temp-allocator-size-job-worker=262144"
    "memorysetup-temp-allocator-size-preload-manager=33554432"
    "memorysetup-temp-allocator-size-nav-mesh-worker=65536"
    "memorysetup-temp-allocator-size-audio-worker=65536"
    "memorysetup-temp-allocator-size-cloud-worker=32768"
    "memorysetup-temp-allocator-size-gi-baking-worker=262144"
    "memorysetup-temp-allocator-size-gfx=262144"
Refreshing native plugins compatible for Editor in 368.61 ms, found 10 plugins.
Preloading 1 native plugins for Editor in 1.26 ms.
Initialize engine version: 2021.3.14f1 (eee1884e7226)
[Subsystems] Discovering subsystems at path C:/Program Files/Unity/Hub/Editor/2021.3.14f1/Editor/Data/Resources/UnitySubsystems
[Subsystems] Discovering subsystems at path C:/Users/bram/PnO5/Assets
GfxDevice: creating device client; threaded=0; jobified=0
Direct3D:
    Version:  Direct3D 11.0 [level 11.1]
    Renderer: NVIDIA GeForce GTX 1660 Ti (ID=0x2191)
    Vendor:   NVIDIA
    VRAM:     5979 MB
    Driver:   31.0.15.2824
Shader 'Oculus/OVRMRCameraFrameLit': fallback shader 'Alpha-Diffuse' not found
Initialize mono
Mono path[0] = 'C:/Program Files/Unity/Hub/Editor/2021.3.14f1/Editor/Data/Managed'
Mono path[1] = 'C:/Program Files/Unity/Hub/Editor/2021.3.14f1/Editor/Data/MonoBleedingEdge/lib/mono/unityjit-win32'
Mono config path = 'C:/Program Files/Unity/Hub/Editor/2021.3.14f1/Editor/Data/MonoBleedingEdge/etc'
Using monoOptions --debugger-agent=transport=dt_socket,embedding=1,server=y,suspend=n,address=127.0.0.1:56312
Begin MonoManager ReloadAssembly
Registering precompiled unity dll's ...
Register platform support module: C:/Program Files/Unity/Hub/Editor/2021.3.14f1/Editor/Data/PlaybackEngines/WebGLSupport/UnityEditor.WebGL.Extensions.dll
Register platform support module: C:/Program Files/Unity/Hub/Editor/2021.3.14f1/Editor/Data/PlaybackEngines/WindowsStandaloneSupport/UnityEditor.WindowsStandalone.Extensions.dll
Registered in 0.015257 seconds.
Native extension for WindowsStandalone target not found
Native extension for WebGL target not found
Refreshing native plugins compatible for Editor in 293.58 ms, found 10 plugins.
Preloading 1 native plugins for Editor in 0.16 ms.
Mono: successfully reloaded assembly
- Completed reload, in  1.396 seconds
Domain Reload Profiling:
	ReloadAssembly (1397ms)
		BeginReloadAssembly (130ms)
			ExecutionOrderSort (0ms)
			DisableScriptedObjects (0ms)
			BackupInstance (0ms)
			ReleaseScriptingObjects (0ms)
			CreateAndSetChildDomain (1ms)
		EndReloadAssembly (1031ms)
			LoadAssemblies (125ms)
			RebuildTransferFunctionScriptingTraits (0ms)
			SetupTypeCache (210ms)
			ReleaseScriptCaches (0ms)
			RebuildScriptCaches (57ms)
			SetupLoadedEditorAssemblies (654ms)
				LogAssemblyErrors (0ms)
				InitializePlatformSupportModulesInManaged (16ms)
				SetLoadedEditorAssemblies (0ms)
				RefreshPlugins (294ms)
				BeforeProcessingInitializeOnLoad (2ms)
				ProcessInitializeOnLoadAttributes (261ms)
				ProcessInitializeOnLoadMethodAttributes (80ms)
				AfterProcessingInitializeOnLoad (0ms)
				EditorAssembliesLoaded (0ms)
			ExecutionOrderSort2 (0ms)
			AwakeInstancesAfterBackupRestoration (0ms)
Platform modules already initialized, skipping
Registering precompiled user dll's ...
Registered in 0.024263 seconds.
Begin MonoManager ReloadAssembly
Symbol file LoadedFromMemory doesn't match image C:\Users\bram\PnO5\Library\PackageCache\com.unity.visualscripting@1.7.8\Editor\VisualScripting.Core\Dependencies\DotNetZip\Unity.VisualScripting.IonicZip.dll
Symbol file LoadedFromMemory doesn't match image C:\Users\bram\PnO5\Library\PackageCache\com.unity.visualscripting@1.7.8\Editor\VisualScripting.Core\Dependencies\YamlDotNet\Unity.VisualScripting.YamlDotNet.dll
Native extension for WindowsStandalone target not found
Native extension for WebGL target not found
Refreshing native plugins compatible for Editor in 182.08 ms, found 10 plugins.
Preloading 1 native plugins for Editor in 0.09 ms.
Package Manager log level set to [2]
[XR] OculusXRPlugin: registering subsystems
[XR] Unable to register display lifecyle provider: [1]
[XR] Oculus Input lifecycle provider registered.
[XR] Unable to register input lifecyle provider: [1]
[XR] OVRP version 1.82.0
Mono: successfully reloaded assembly
- Completed reload, in  1.792 seconds
Domain Reload Profiling:
	ReloadAssembly (1793ms)
		BeginReloadAssembly (141ms)
			ExecutionOrderSort (0ms)
			DisableScriptedObjects (5ms)
			BackupInstance (0ms)
			ReleaseScriptingObjects (0ms)
			CreateAndSetChildDomain (27ms)
		EndReloadAssembly (1504ms)
			LoadAssemblies (132ms)
			RebuildTransferFunctionScriptingTraits (0ms)
			SetupTypeCache (382ms)
			ReleaseScriptCaches (1ms)
			RebuildScriptCaches (102ms)
			SetupLoadedEditorAssemblies (820ms)
				LogAssemblyErrors (0ms)
				InitializePlatformSupportModulesInManaged (8ms)
				SetLoadedEditorAssemblies (0ms)
				RefreshPlugins (182ms)
				BeforeProcessingInitializeOnLoad (139ms)
				ProcessInitializeOnLoadAttributes (448ms)
				ProcessInitializeOnLoadMethodAttributes (33ms)
				AfterProcessingInitializeOnLoad (10ms)
				EditorAssembliesLoaded (0ms)
			ExecutionOrderSort2 (0ms)
			AwakeInstancesAfterBackupRestoration (6ms)
Platform modules already initialized, skipping
========================================================================
Worker process is ready to serve import requests
Shader 'Oculus/OVRMRCameraFrameLit': fallback shader 'Alpha-Diffuse' not found
Launched and connected shader compiler UnityShaderCompiler.exe after 0.06 seconds
Refreshing native plugins compatible for Editor in 1.90 ms, found 10 plugins.
Preloading 1 native plugins for Editor in 0.12 ms.
Unloading 5721 Unused Serialized files (Serialized files now loaded: 0)
Unloading 98 unused Assets / (22.9 MB). Loaded Objects now: 6142.
Memory consumption went from 304.5 MB to 281.7 MB.
Total: 8.820700 ms (FindLiveObjects: 0.834800 ms CreateObjectMapping: 0.524800 ms MarkObjects: 3.157900 ms  DeleteObjects: 4.300700 ms)

AssetImportParameters requested are different than current active one (requested -> active):
  custom:video-decoder-ogg-theora: a1e56fd34408186e4bbccfd4996cb3dc -> 
  custom:container-muxer-webm: aa71ff27fc2769a1b78a27578f13a17b -> 
  custom:container-demuxer-webm: 4f35f7cbe854078d1ac9338744f61a02 -> 
  custom:video-encoder-webm-vp8: eb34c28f22e8b96e1ab97ce403110664 -> 
  custom:audio-encoder-webm-vorbis: bf7c407c2cedff20999df2af8eb42d56 -> 
  custom:framework-win-MediaFoundation: 216162199b28c13a410421893ffa2e32 -> 
  custom:container-demuxer-ogg: 62fdf1f143b41e24485cea50d1cbac27 -> 
  custom:video-decoder-webm-vp8: 9c59270c3fd7afecdb556c50c9e8de78 -> 
  custom:audio-decoder-ogg-vorbis: bf7c407c2cedff20999df2af8eb42d56 -> 
========================================================================
Received Prepare
Registering precompiled user dll's ...
Registered in 0.020278 seconds.
Begin MonoManager ReloadAssembly
Symbol file LoadedFromMemory doesn't match image C:\Users\bram\PnO5\Library\PackageCache\com.unity.visualscripting@1.7.8\Editor\VisualScripting.Core\Dependencies\DotNetZip\Unity.VisualScripting.IonicZip.dll
Symbol file LoadedFromMemory doesn't match image C:\Users\bram\PnO5\Library\PackageCache\com.unity.visualscripting@1.7.8\Editor\VisualScripting.Core\Dependencies\YamlDotNet\Unity.VisualScripting.YamlDotNet.dll
Native extension for WindowsStandalone target not found
Native extension for WebGL target not found
Refreshing native plugins compatible for Editor in 2.35 ms, found 10 plugins.
Preloading 1 native plugins for Editor in 0.10 ms.
[Package Manager] Server::EnsureServerProcessIsRunning -- launch failed, reason: Unity was launched with the -noUpm command-line argument
[Package Manager] Cannot connect to Unity Package Manager local server
[Package Manager] Server::EnsureServerProcessIsRunning -- launch failed, reason: Unity was launched with the -noUpm command-line argument
[Package Manager] Cannot connect to Unity Package Manager local server
[Package Manager] Server::EnsureServerProcessIsRunning -- launch failed, reason: Unity was launched with the -noUpm command-line argument
[Package Manager] Cannot connect to Unity Package Manager local server
[Package Manager] Server::EnsureServerProcessIsRunning -- launch failed, reason: Unity was launched with the -noUpm command-line argument
[Package Manager] Cannot connect to Unity Package Manager local server
Mono: successfully reloaded assembly
- Completed reload, in  1.452 seconds
Domain Reload Profiling:
	ReloadAssembly (1453ms)
		BeginReloadAssembly (182ms)
			ExecutionOrderSort (0ms)
			DisableScriptedObjects (9ms)
			BackupInstance (0ms)
			ReleaseScriptingObjects (0ms)
			CreateAndSetChildDomain (52ms)
		EndReloadAssembly (1158ms)
			LoadAssemblies (136ms)
			RebuildTransferFunctionScriptingTraits (0ms)
			SetupTypeCache (378ms)
			ReleaseScriptCaches (2ms)
			RebuildScriptCaches (64ms)
			SetupLoadedEditorAssemblies (513ms)
				LogAssemblyErrors (0ms)
				InitializePlatformSupportModulesInManaged (19ms)
				SetLoadedEditorAssemblies (1ms)
				RefreshPlugins (3ms)
				BeforeProcessingInitializeOnLoad (107ms)
				ProcessInitializeOnLoadAttributes (333ms)
				ProcessInitializeOnLoadMethodAttributes (38ms)
				AfterProcessingInitializeOnLoad (13ms)
				EditorAssembliesLoaded (0ms)
			ExecutionOrderSort2 (0ms)
			AwakeInstancesAfterBackupRestoration (8ms)
Platform modules already initialized, skipping
Shader 'Oculus/OVRMRCameraFrameLit': fallback shader 'Alpha-Diffuse' not found
Refreshing native plugins compatible for Editor in 11.45 ms, found 10 plugins.
Preloading 1 native plugins for Editor in 0.10 ms.
Unloading 5566 Unused Serialized files (Serialized files now loaded: 0)
Unloading 90 unused Assets / (22.9 MB). Loaded Objects now: 6146.
Memory consumption went from 289.7 MB to 266.9 MB.
Total: 10.245400 ms (FindLiveObjects: 0.484100 ms CreateObjectMapping: 0.420600 ms MarkObjects: 3.457800 ms  DeleteObjects: 5.880500 ms)

AssetImportParameters requested are different than current active one (requested -> active):
  custom:video-decoder-ogg-theora: a1e56fd34408186e4bbccfd4996cb3dc -> 
  custom:container-muxer-webm: aa71ff27fc2769a1b78a27578f13a17b -> 
  custom:container-demuxer-webm: 4f35f7cbe854078d1ac9338744f61a02 -> 
  custom:video-encoder-webm-vp8: eb34c28f22e8b96e1ab97ce403110664 -> 
  custom:audio-encoder-webm-vorbis: bf7c407c2cedff20999df2af8eb42d56 -> 
  custom:framework-win-MediaFoundation: 216162199b28c13a410421893ffa2e32 -> 
  custom:container-demuxer-ogg: 62fdf1f143b41e24485cea50d1cbac27 -> 
  custom:video-decoder-webm-vp8: 9c59270c3fd7afecdb556c50c9e8de78 -> 
  custom:audio-decoder-ogg-vorbis: bf7c407c2cedff20999df2af8eb42d56 -> 
========================================================================
Received Prepare
Registering precompiled user dll's ...
Registered in 0.012859 seconds.
Begin MonoManager ReloadAssembly
Symbol file LoadedFromMemory doesn't match image C:\Users\bram\PnO5\Library\PackageCache\com.unity.visualscripting@1.7.8\Editor\VisualScripting.Core\Dependencies\DotNetZip\Unity.VisualScripting.IonicZip.dll
Symbol file LoadedFromMemory doesn't match image C:\Users\bram\PnO5\Library\PackageCache\com.unity.visualscripting@1.7.8\Editor\VisualScripting.Core\Dependencies\YamlDotNet\Unity.VisualScripting.YamlDotNet.dll
Native extension for WindowsStandalone target not found
Native extension for WebGL target not found
Refreshing native plugins compatible for Editor in 1.53 ms, found 10 plugins.
Preloading 1 native plugins for Editor in 0.13 ms.
[Package Manager] Server::EnsureServerProcessIsRunning -- launch failed, reason: Unity was launched with the -noUpm command-line argument
[Package Manager] Cannot connect to Unity Package Manager local server
[Package Manager] Server::EnsureServerProcessIsRunning -- launch failed, reason: Unity was launched with the -noUpm command-line argument
[Package Manager] Cannot connect to Unity Package Manager local server
[Package Manager] Server::EnsureServerProcessIsRunning -- launch failed, reason: Unity was launched with the -noUpm command-line argument
[Package Manager] Cannot connect to Unity Package Manager local server
Mono: successfully reloaded assembly
- Completed reload, in  1.375 seconds
Domain Reload Profiling:
	ReloadAssembly (1375ms)
		BeginReloadAssembly (164ms)
			ExecutionOrderSort (0ms)
			DisableScriptedObjects (6ms)
			BackupInstance (0ms)
			ReleaseScriptingObjects (0ms)
			CreateAndSetChildDomain (57ms)
		EndReloadAssembly (1094ms)
			LoadAssemblies (119ms)
			RebuildTransferFunctionScriptingTraits (0ms)
			SetupTypeCache (350ms)
			ReleaseScriptCaches (2ms)
			RebuildScriptCaches (53ms)
			SetupLoadedEditorAssemblies (506ms)
				LogAssemblyErrors (0ms)
				InitializePlatformSupportModulesInManaged (15ms)
				SetLoadedEditorAssemblies (0ms)
				RefreshPlugins (2ms)
				BeforeProcessingInitializeOnLoad (89ms)
				ProcessInitializeOnLoadAttributes (356ms)
				ProcessInitializeOnLoadMethodAttributes (30ms)
				AfterProcessingInitializeOnLoad (13ms)
				EditorAssembliesLoaded (0ms)
			ExecutionOrderSort2 (0ms)
			AwakeInstancesAfterBackupRestoration (8ms)
Platform modules already initialized, skipping
Shader 'Oculus/OVRMRCameraFrameLit': fallback shader 'Alpha-Diffuse' not found
Refreshing native plugins compatible for Editor in 9.17 ms, found 10 plugins.
Preloading 1 native plugins for Editor in 0.09 ms.
Unloading 5566 Unused Serialized files (Serialized files now loaded: 0)
Unloading 90 unused Assets / (22.9 MB). Loaded Objects now: 6150.
Memory consumption went from 289.7 MB to 266.9 MB.
Total: 8.356400 ms (FindLiveObjects: 0.447800 ms CreateObjectMapping: 0.172700 ms MarkObjects: 3.452200 ms  DeleteObjects: 4.282200 ms)

AssetImportParameters requested are different than current active one (requested -> active):
  custom:video-decoder-ogg-theora: a1e56fd34408186e4bbccfd4996cb3dc -> 
  custom:container-muxer-webm: aa71ff27fc2769a1b78a27578f13a17b -> 
  custom:container-demuxer-webm: 4f35f7cbe854078d1ac9338744f61a02 -> 
  custom:video-encoder-webm-vp8: eb34c28f22e8b96e1ab97ce403110664 -> 
  custom:audio-encoder-webm-vorbis: bf7c407c2cedff20999df2af8eb42d56 -> 
  custom:framework-win-MediaFoundation: 216162199b28c13a410421893ffa2e32 -> 
  custom:container-demuxer-ogg: 62fdf1f143b41e24485cea50d1cbac27 -> 
  custom:video-decoder-webm-vp8: 9c59270c3fd7afecdb556c50c9e8de78 -> 
  custom:audio-decoder-ogg-vorbis: bf7c407c2cedff20999df2af8eb42d56 -> 
========================================================================
Received Prepare
Registering precompiled user dll's ...
Registered in 0.011366 seconds.
Begin MonoManager ReloadAssembly
Symbol file LoadedFromMemory doesn't match image C:\Users\bram\PnO5\Library\PackageCache\com.unity.visualscripting@1.7.8\Editor\VisualScripting.Core\Dependencies\DotNetZip\Unity.VisualScripting.IonicZip.dll
Symbol file LoadedFromMemory doesn't match image C:\Users\bram\PnO5\Library\PackageCache\com.unity.visualscripting@1.7.8\Editor\VisualScripting.Core\Dependencies\YamlDotNet\Unity.VisualScripting.YamlDotNet.dll
Native extension for WindowsStandalone target not found
Native extension for WebGL target not found
Refreshing native plugins compatible for Editor in 1.66 ms, found 10 plugins.
Preloading 1 native plugins for Editor in 0.14 ms.
[Package Manager] Server::EnsureServerProcessIsRunning -- launch failed, reason: Unity was launched with the -noUpm command-line argument
[Package Manager] Cannot connect to Unity Package Manager local server
[Package Manager] Server::EnsureServerProcessIsRunning -- launch failed, reason: Unity was launched with the -noUpm command-line argument
[Package Manager] Cannot connect to Unity Package Manager local server
[Package Manager] Server::EnsureServerProcessIsRunning -- launch failed, reason: Unity was launched with the -noUpm command-line argument
[Package Manager] Cannot connect to Unity Package Manager local server
Mono: successfully reloaded assembly
- Completed reload, in  1.384 seconds
Domain Reload Profiling:
	ReloadAssembly (1385ms)
		BeginReloadAssembly (289ms)
			ExecutionOrderSort (0ms)
			DisableScriptedObjects (9ms)
			BackupInstance (0ms)
			ReleaseScriptingObjects (0ms)
			CreateAndSetChildDomain (123ms)
		EndReloadAssembly (993ms)
			LoadAssemblies (133ms)
			RebuildTransferFunctionScriptingTraits (0ms)
			SetupTypeCache (356ms)
			ReleaseScriptCaches (2ms)
			RebuildScriptCaches (47ms)
			SetupLoadedEditorAssemblies (426ms)
				LogAssemblyErrors (0ms)
				InitializePlatformSupportModulesInManaged (15ms)
				SetLoadedEditorAssemblies (1ms)
				RefreshPlugins (2ms)
				BeforeProcessingInitializeOnLoad (83ms)
				ProcessInitializeOnLoadAttributes (292ms)
				ProcessInitializeOnLoadMethodAttributes (25ms)
				AfterProcessingInitializeOnLoad (9ms)
				EditorAssembliesLoaded (0ms)
			ExecutionOrderSort2 (0ms)
			AwakeInstancesAfterBackupRestoration (8ms)
Platform modules already initialized, skipping
Shader 'Oculus/OVRMRCameraFrameLit': fallback shader 'Alpha-Diffuse' not found
Refreshing native plugins compatible for Editor in 8.76 ms, found 10 plugins.
Preloading 1 native plugins for Editor in 0.06 ms.
Unloading 5566 Unused Serialized files (Serialized files now loaded: 0)
Unloading 90 unused Assets / (22.9 MB). Loaded Objects now: 6154.
Memory consumption went from 289.8 MB to 266.9 MB.
Total: 8.821200 ms (FindLiveObjects: 0.469000 ms CreateObjectMapping: 0.184800 ms MarkObjects: 4.308400 ms  DeleteObjects: 3.856500 ms)

AssetImportParameters requested are different than current active one (requested -> active):
  custom:video-decoder-ogg-theora: a1e56fd34408186e4bbccfd4996cb3dc -> 
  custom:container-muxer-webm: aa71ff27fc2769a1b78a27578f13a17b -> 
  custom:container-demuxer-webm: 4f35f7cbe854078d1ac9338744f61a02 -> 
  custom:video-encoder-webm-vp8: eb34c28f22e8b96e1ab97ce403110664 -> 
  custom:audio-encoder-webm-vorbis: bf7c407c2cedff20999df2af8eb42d56 -> 
  custom:framework-win-MediaFoundation: 216162199b28c13a410421893ffa2e32 -> 
  custom:container-demuxer-ogg: 62fdf1f143b41e24485cea50d1cbac27 -> 
  custom:video-decoder-webm-vp8: 9c59270c3fd7afecdb556c50c9e8de78 -> 
  custom:audio-decoder-ogg-vorbis: bf7c407c2cedff20999df2af8eb42d56 -> 
========================================================================
Received Prepare
Registering precompiled user dll's ...
Registered in 0.011638 seconds.
Begin MonoManager ReloadAssembly
Symbol file LoadedFromMemory doesn't match image C:\Users\bram\PnO5\Library\PackageCache\com.unity.visualscripting@1.7.8\Editor\VisualScripting.Core\Dependencies\DotNetZip\Unity.VisualScripting.IonicZip.dll
Symbol file LoadedFromMemory doesn't match image C:\Users\bram\PnO5\Library\PackageCache\com.unity.visualscripting@1.7.8\Editor\VisualScripting.Core\Dependencies\YamlDotNet\Unity.VisualScripting.YamlDotNet.dll
Native extension for WindowsStandalone target not found
Native extension for WebGL target not found
Refreshing native plugins compatible for Editor in 2.36 ms, found 10 plugins.
Preloading 1 native plugins for Editor in 0.15 ms.
[Package Manager] Server::EnsureServerProcessIsRunning -- launch failed, reason: Unity was launched with the -noUpm command-line argument
[Package Manager] Cannot connect to Unity Package Manager local server
[Package Manager] Server::EnsureServerProcessIsRunning -- launch failed, reason: Unity was launched with the -noUpm command-line argument
[Package Manager] Cannot connect to Unity Package Manager local server
[Package Manager] Server::EnsureServerProcessIsRunning -- launch failed, reason: Unity was launched with the -noUpm command-line argument
[Package Manager] Cannot connect to Unity Package Manager local server
Mono: successfully reloaded assembly
- Completed reload, in  1.356 seconds
Domain Reload Profiling:
	ReloadAssembly (1358ms)
		BeginReloadAssembly (134ms)
			ExecutionOrderSort (0ms)
			DisableScriptedObjects (4ms)
			BackupInstance (0ms)
			ReleaseScriptingObjects (0ms)
			CreateAndSetChildDomain (39ms)
		EndReloadAssembly (1113ms)
			LoadAssemblies (102ms)
			RebuildTransferFunctionScriptingTraits (0ms)
			SetupTypeCache (365ms)
			ReleaseScriptCaches (2ms)
			RebuildScriptCaches (75ms)
			SetupLoadedEditorAssemblies (483ms)
				LogAssemblyErrors (0ms)
				InitializePlatformSupportModulesInManaged (17ms)
				SetLoadedEditorAssemblies (1ms)
				RefreshPlugins (3ms)
				BeforeProcessingInitializeOnLoad (97ms)
				ProcessInitializeOnLoadAttributes (328ms)
				ProcessInitializeOnLoadMethodAttributes (29ms)
				AfterProcessingInitializeOnLoad (8ms)
				EditorAssembliesLoaded (0ms)
			ExecutionOrderSort2 (0ms)
			AwakeInstancesAfterBackupRestoration (7ms)
Platform modules already initialized, skipping
Shader 'Oculus/OVRMRCameraFrameLit': fallback shader 'Alpha-Diffuse' not found
Refreshing native plugins compatible for Editor in 9.97 ms, found 10 plugins.
Preloading 1 native plugins for Editor in 0.12 ms.
Unloading 5566 Unused Serialized files (Serialized files now loaded: 0)
Unloading 90 unused Assets / (22.9 MB). Loaded Objects now: 6158.
Memory consumption went from 289.8 MB to 266.9 MB.
Total: 12.428400 ms (FindLiveObjects: 0.775300 ms CreateObjectMapping: 0.637000 ms MarkObjects: 4.723700 ms  DeleteObjects: 6.290500 ms)

AssetImportParameters requested are different than current active one (requested -> active):
  custom:video-decoder-ogg-theora: a1e56fd34408186e4bbccfd4996cb3dc -> 
  custom:container-muxer-webm: aa71ff27fc2769a1b78a27578f13a17b -> 
  custom:container-demuxer-webm: 4f35f7cbe854078d1ac9338744f61a02 -> 
  custom:video-encoder-webm-vp8: eb34c28f22e8b96e1ab97ce403110664 -> 
  custom:audio-encoder-webm-vorbis: bf7c407c2cedff20999df2af8eb42d56 -> 
  custom:framework-win-MediaFoundation: 216162199b28c13a410421893ffa2e32 -> 
  custom:container-demuxer-ogg: 62fdf1f143b41e24485cea50d1cbac27 -> 
  custom:video-decoder-webm-vp8: 9c59270c3fd7afecdb556c50c9e8de78 -> 
  custom:audio-decoder-ogg-vorbis: bf7c407c2cedff20999df2af8eb42d56 -> 
========================================================================
Received Import Request.
  Time since last request: 1266629.052053 seconds.
  path: Assets/Traffic Signs Dutch/Prefabs/Square/A04-50.prefab
  artifactKey: Guid(ee7764c6c14d3f641b2b14be09b2687a) Importer(815301076,1909f56bfc062723c751e8b465ee728b)
Start importing Assets/Traffic Signs Dutch/Prefabs/Square/A04-50.prefab using Guid(ee7764c6c14d3f641b2b14be09b2687a) Importer(815301076,1909f56bfc062723c751e8b465ee728b)  -> (artifact id: '9b0ab9d07b1641b097556178898f4ca3') in 0.244086 seconds 
========================================================================
Received Import Request.
  Time since last request: 0.000100 seconds.
  path: Assets/Traffic Signs Dutch/Prefabs/Square/OB701-3.prefab
  artifactKey: Guid(945d0801b153cb44682f69c7d7cd9ed7) Importer(815301076,1909f56bfc062723c751e8b465ee728b)
Start importing Assets/Traffic Signs Dutch/Prefabs/Square/OB701-3.prefab using Guid(945d0801b153cb44682f69c7d7cd9ed7) Importer(815301076,1909f56bfc062723c751e8b465ee728b)  -> (artifact id: 'c799aa8848539818ba92c44e8a72b0df') in 0.034415 seconds 
========================================================================
Received Import Request.
  Time since last request: 0.000063 seconds.
  path: Assets/Traffic Signs Dutch/Prefabs/Square/F06.prefab
  artifactKey: Guid(c8283dc0677435b4eac37b1bf965ae59) Importer(815301076,1909f56bfc062723c751e8b465ee728b)
Start importing Assets/Traffic Signs Dutch/Prefabs/Square/F06.prefab using Guid(c8283dc0677435b4eac37b1bf965ae59) Importer(815301076,1909f56bfc062723c751e8b465ee728b)  -> (artifact id: 'b0e9f4c6a20a57a616c7099feb2a4bbd') in 0.026716 seconds 
========================================================================
Received Import Request.
  Time since last request: 0.000049 seconds.
  path: Assets/Traffic Signs Dutch/Prefabs/Square/A05-80.prefab
  artifactKey: Guid(a66f4135e030e9347bf757b0b4e9bd1a) Importer(815301076,1909f56bfc062723c751e8b465ee728b)
Start importing Assets/Traffic Signs Dutch/Prefabs/Square/A05-80.prefab using Guid(a66f4135e030e9347bf757b0b4e9bd1a) Importer(815301076,1909f56bfc062723c751e8b465ee728b)  -> (artifact id: '0d9ad188893c1220c946edf5dfe264e9') in 0.026316 seconds 
========================================================================
Received Import Request.
  Time since last request: 0.000033 seconds.
  path: Assets/Traffic Signs Dutch/Prefabs/Square/A05-60.prefab
  artifactKey: Guid(02fe76759c3fe1d4dadab16057ed779d) Importer(815301076,1909f56bfc062723c751e8b465ee728b)
Start importing Assets/Traffic Signs Dutch/Prefabs/Square/A05-60.prefab using Guid(02fe76759c3fe1d4dadab16057ed779d) Importer(815301076,1909f56bfc062723c751e8b465ee728b)  -> (artifact id: '64602e6137b5946e8e8ed50ca150293e') in 0.025525 seconds 
========================================================================
Received Import Request.
  Time since last request: 0.000026 seconds.
  path: Assets/Traffic Signs Dutch/Prefabs/Square/C05.prefab
  artifactKey: Guid(0c29c60456f1aaa49a106bb7fccced71) Importer(815301076,1909f56bfc062723c751e8b465ee728b)
Start importing Assets/Traffic Signs Dutch/Prefabs/Square/C05.prefab using Guid(0c29c60456f1aaa49a106bb7fccced71) Importer(815301076,1909f56bfc062723c751e8b465ee728b)  -> (artifact id: '11e4aef6f37509547390771a8b9cefee') in 0.028122 seconds 
========================================================================
Received Import Request.
  Time since last request: 0.000041 seconds.
  path: Assets/Traffic Signs Dutch/Prefabs/Square/A05-50.prefab
  artifactKey: Guid(27dc86c98b777854a920fd973642d5eb) Importer(815301076,1909f56bfc062723c751e8b465ee728b)
Start importing Assets/Traffic Signs Dutch/Prefabs/Square/A05-50.prefab using Guid(27dc86c98b777854a920fd973642d5eb) Importer(815301076,1909f56bfc062723c751e8b465ee728b)  -> (artifact id: '9965fa8cdf6715192da4883ea230851c') in 0.027805 seconds 
========================================================================
Received Import Request.
  Time since last request: 0.000041 seconds.
  path: Assets/Traffic Signs Dutch/Prefabs/Square/A04-70.prefab
  artifactKey: Guid(32db11365decf3d49b10f1ad152cbd0c) Importer(815301076,1909f56bfc062723c751e8b465ee728b)
Start importing Assets/Traffic Signs Dutch/Prefabs/Square/A04-70.prefab using Guid(32db11365decf3d49b10f1ad152cbd0c) Importer(815301076,1909f56bfc062723c751e8b465ee728b)  -> (artifact id: '0f067d71e0500cee6de726fe9e9df18b') in 0.028948 seconds 
========================================================================
Received Import Request.
  Time since last request: 0.000047 seconds.
  path: Assets/Traffic Signs Dutch/Prefabs/Square/OB703-1.prefab
  artifactKey: Guid(1eb7e544ddb6e12469f242fabf8f29f5) Importer(815301076,1909f56bfc062723c751e8b465ee728b)
Start importing Assets/Traffic Signs Dutch/Prefabs/Square/OB703-1.prefab using Guid(1eb7e544ddb6e12469f242fabf8f29f5) Importer(815301076,1909f56bfc062723c751e8b465ee728b)  -> (artifact id: '1044236cb2b4fb71900a2400c131e6cd') in 0.027381 seconds 
========================================================================
Received Import Request.
  Time since last request: 0.000051 seconds.
  path: Assets/Traffic Signs Dutch/Prefabs/Square/A04-60.prefab
  artifactKey: Guid(e76af45a3c03c454fb05386b05afe377) Importer(815301076,1909f56bfc062723c751e8b465ee728b)
Start importing Assets/Traffic Signs Dutch/Prefabs/Square/A04-60.prefab using Guid(e76af45a3c03c454fb05386b05afe377) Importer(815301076,1909f56bfc062723c751e8b465ee728b)  -> (artifact id: '242dcb054ec5928530fc3d6212b938bd') in 0.027547 seconds 
========================================================================
Received Import Request.
  Time since last request: 0.000039 seconds.
  path: Assets/Traffic Signs Dutch/Prefabs/Square/OB701-1.prefab
  artifactKey: Guid(1d1db916025926441974ca30ced8a779) Importer(815301076,1909f56bfc062723c751e8b465ee728b)
Start importing Assets/Traffic Signs Dutch/Prefabs/Square/OB701-1.prefab using Guid(1d1db916025926441974ca30ced8a779) Importer(815301076,1909f56bfc062723c751e8b465ee728b)  -> (artifact id: 'e2d38f8ccdc63e4807952b304ff3bcbf') in 0.026712 seconds 
========================================================================
Received Import Request.
  Time since last request: 0.000045 seconds.
  path: Assets/Traffic Signs Dutch/Prefabs/Square/OB701-2.prefab
  artifactKey: Guid(86d6304be546c24469beee189f8963ee) Importer(815301076,1909f56bfc062723c751e8b465ee728b)
Start importing Assets/Traffic Signs Dutch/Prefabs/Square/OB701-2.prefab using Guid(86d6304be546c24469beee189f8963ee) Importer(815301076,1909f56bfc062723c751e8b465ee728b)  -> (artifact id: '518ef6c3e63562e8607a83656a540bff') in 0.024281 seconds 
========================================================================
Received Import Request.
  Time since last request: 5.166062 seconds.
  path: Assets/Traffic Signs Dutch/Prefabs/Rectangle_3/C04-R.prefab
  artifactKey: Guid(2e679fa9ca306654494ff818fa794313) Importer(815301076,1909f56bfc062723c751e8b465ee728b)
Start importing Assets/Traffic Signs Dutch/Prefabs/Rectangle_3/C04-R.prefab using Guid(2e679fa9ca306654494ff818fa794313) Importer(815301076,1909f56bfc062723c751e8b465ee728b)  -> (artifact id: 'd65c8453e6e48c1ba16c7e4b4aa653d2') in 0.034092 seconds 
========================================================================
Received Import Request.
  Time since last request: 0.000038 seconds.
  path: Assets/Traffic Signs Dutch/Prefabs/Rectangle_3/C06.prefab
  artifactKey: Guid(13c2e7ab8680b9e48a18b4c60d5a1a71) Importer(815301076,1909f56bfc062723c751e8b465ee728b)
Start importing Assets/Traffic Signs Dutch/Prefabs/Rectangle_3/C06.prefab using Guid(13c2e7ab8680b9e48a18b4c60d5a1a71) Importer(815301076,1909f56bfc062723c751e8b465ee728b)  -> (artifact id: '6d5683910535e8873d3efae87793bfb3') in 0.037505 seconds 
========================================================================
Received Import Request.
  Time since last request: 2.313994 seconds.
  path: Assets/Traffic Signs Dutch/Prefabs/Rectangle_2/A01-60-ZB.prefab
  artifactKey: Guid(47847b1eb9618484c8bd0a73109e27fe) Importer(815301076,1909f56bfc062723c751e8b465ee728b)
Start importing Assets/Traffic Signs Dutch/Prefabs/Rectangle_2/A01-60-ZB.prefab using Guid(47847b1eb9618484c8bd0a73109e27fe) Importer(815301076,1909f56bfc062723c751e8b465ee728b)  -> (artifact id: '81d0dfb8d5d93cd27e057301711e6a6c') in 0.029455 seconds 
========================================================================
Received Import Request.
  Time since last request: 0.000044 seconds.
  path: Assets/Traffic Signs Dutch/Prefabs/Rectangle_2/C06-ZB.prefab
  artifactKey: Guid(ad6e9c30dafe32f459d07d2863f37cb4) Importer(815301076,1909f56bfc062723c751e8b465ee728b)
Start importing Assets/Traffic Signs Dutch/Prefabs/Rectangle_2/C06-ZB.prefab using Guid(ad6e9c30dafe32f459d07d2863f37cb4) Importer(815301076,1909f56bfc062723c751e8b465ee728b)  -> (artifact id: 'f636bb190949edb49be61bdce494670d') in 0.027999 seconds 
========================================================================
Received Import Request.
  Time since last request: 0.000031 seconds.
  path: Assets/Traffic Signs Dutch/Prefabs/Rectangle_2/G070-ZB.prefab
  artifactKey: Guid(3020b4b117844444ab09527e08897132) Importer(815301076,1909f56bfc062723c751e8b465ee728b)
Start importing Assets/Traffic Signs Dutch/Prefabs/Rectangle_2/G070-ZB.prefab using Guid(3020b4b117844444ab09527e08897132) Importer(815301076,1909f56bfc062723c751e8b465ee728b)  -> (artifact id: '32b21cd0221fd5ebe71e3945e500c007') in 0.031253 seconds 
========================================================================
Received Import Request.
  Time since last request: 0.000063 seconds.
  path: Assets/Traffic Signs Dutch/Prefabs/Rectangle_2/C12-ZH.prefab
  artifactKey: Guid(6fc0a463b61b4ed49b1540e0ad68aa4a) Importer(815301076,1909f56bfc062723c751e8b465ee728b)
Start importing Assets/Traffic Signs Dutch/Prefabs/Rectangle_2/C12-ZH.prefab using Guid(6fc0a463b61b4ed49b1540e0ad68aa4a) Importer(815301076,1909f56bfc062723c751e8b465ee728b)  -> (artifact id: 'c82d8ed98097996749bddac68b778b30') in 0.033617 seconds 
========================================================================
Received Import Request.
  Time since last request: 0.000062 seconds.
  path: Assets/Traffic Signs Dutch/Prefabs/Rectangle_2/Cxx-ZE.prefab
  artifactKey: Guid(9fd572257ec64b74e9997f18d1fed8bf) Importer(815301076,1909f56bfc062723c751e8b465ee728b)
Start importing Assets/Traffic Signs Dutch/Prefabs/Rectangle_2/Cxx-ZE.prefab using Guid(9fd572257ec64b74e9997f18d1fed8bf) Importer(815301076,1909f56bfc062723c751e8b465ee728b)  -> (artifact id: '49cccb493c61048b87a37c29e8ad823e') in 0.041988 seconds 
========================================================================
Received Import Request.
  Time since last request: 0.000042 seconds.
  path: Assets/Traffic Signs Dutch/Prefabs/Rectangle_2/C12-ZB1.prefab
  artifactKey: Guid(98be5f476c6e85944b40195592d58a80) Importer(815301076,1909f56bfc062723c751e8b465ee728b)
Start importing Assets/Traffic Signs Dutch/Prefabs/Rectangle_2/C12-ZB1.prefab using Guid(98be5f476c6e85944b40195592d58a80) Importer(815301076,1909f56bfc062723c751e8b465ee728b)  -> (artifact id: '79b59412eb3b633691d9b8c99b2e0f34') in 0.030725 seconds 
========================================================================
Received Import Request.
  Time since last request: 0.000050 seconds.
  path: Assets/Traffic Signs Dutch/Prefabs/Rectangle_2/C06-ZE.prefab
  artifactKey: Guid(184b9abbbe207e1418fd4c6f81ca9877) Importer(815301076,1909f56bfc062723c751e8b465ee728b)
Start importing Assets/Traffic Signs Dutch/Prefabs/Rectangle_2/C06-ZE.prefab using Guid(184b9abbbe207e1418fd4c6f81ca9877) Importer(815301076,1909f56bfc062723c751e8b465ee728b)  -> (artifact id: 'e21983a5396df91afd2edb42f6ba5f49') in 0.030486 seconds 
========================================================================
Received Import Request.
  Time since last request: 0.000048 seconds.
  path: Assets/Traffic Signs Dutch/Prefabs/Rectangle_2/E02-ZE.prefab
  artifactKey: Guid(84e3fa0e7aaa339478b6d9e4e534d92c) Importer(815301076,1909f56bfc062723c751e8b465ee728b)
Start importing Assets/Traffic Signs Dutch/Prefabs/Rectangle_2/E02-ZE.prefab using Guid(84e3fa0e7aaa339478b6d9e4e534d92c) Importer(815301076,1909f56bfc062723c751e8b465ee728b)  -> (artifact id: '2be7fd3a0ae6e0a7ac5bd80deef42345') in 0.033254 seconds 
========================================================================
Received Import Request.
  Time since last request: 0.000066 seconds.
  path: Assets/Traffic Signs Dutch/Prefabs/Rectangle_2/E02-ZH.prefab
  artifactKey: Guid(dec8ab73c65758245abfb093982656fb) Importer(815301076,1909f56bfc062723c751e8b465ee728b)
Start importing Assets/Traffic Signs Dutch/Prefabs/Rectangle_2/E02-ZH.prefab using Guid(dec8ab73c65758245abfb093982656fb) Importer(815301076,1909f56bfc062723c751e8b465ee728b)  -> (artifact id: 'aeb4aee935a3d6d23138ec19c060f88c') in 0.030424 seconds 
========================================================================
Received Import Request.
  Time since last request: 0.000045 seconds.
  path: Assets/Traffic Signs Dutch/Prefabs/Rectangle_2/C12-ZE1.prefab
  artifactKey: Guid(65279999e2428154e8a1c6603ad054e1) Importer(815301076,1909f56bfc062723c751e8b465ee728b)
Start importing Assets/Traffic Signs Dutch/Prefabs/Rectangle_2/C12-ZE1.prefab using Guid(65279999e2428154e8a1c6603ad054e1) Importer(815301076,1909f56bfc062723c751e8b465ee728b)  -> (artifact id: '55766dd911ba1569a375691b1f69df08') in 0.028560 seconds 
Editor requested this worker to shutdown with reason: Scaling down because of idle timeout
AssetImportWorker is now disconnected from the server
Process exiting
Exiting without the bug reporter. Application will terminate with return code 0