Using pre-set license
Built from '2021.3/staging' branch; Version is '2021.3.14f1 (eee1884e7226) revision 15655304'; Using compiler version '192829333'; Build Type 'Release'
OS: 'Windows 11  (10.0.22621) 64bit Core' Language: 'nl' Physical Memory: 16253 MB
BatchMode: 1, IsHumanControllingUs: 0, StartBugReporterOnCrash: 0, Is64bit: 1, IsPro: 1

COMMAND LINE ARGUMENTS:
C:\Program Files\Unity\Hub\Editor\2021.3.14f1\Editor\Unity.exe
-adb2
-batchMode
-noUpm
-name
AssetImportWorker2
-projectPath
C:/Users/bram/PnO5
-logFile
Logs/AssetImportWorker2.log
-srvPort
49212
Successfully changed project path to: C:/Users/bram/PnO5
C:/Users/bram/PnO5
[UnityMemory] Configuration Parameters - Can be set up in boot.config
    "memorysetup-bucket-allocator-granularity=16"
    "memorysetup-bucket-allocator-bucket-count=8"
    "memorysetup-bucket-allocator-block-size=33554432"
    "memorysetup-bucket-allocator-block-count=8"
    "memorysetup-main-allocator-block-size=16777216"
    "memorysetup-thread-allocator-block-size=16777216"
    "memorysetup-gfx-main-allocator-block-size=16777216"
    "memorysetup-gfx-thread-allocator-block-size=16777216"
    "memorysetup-cache-allocator-block-size=4194304"
    "memorysetup-typetree-allocator-block-size=2097152"
    "memorysetup-profiler-bucket-allocator-granularity=16"
    "memorysetup-profiler-bucket-allocator-bucket-count=8"
    "memorysetup-profiler-bucket-allocator-block-size=33554432"
    "memorysetup-profiler-bucket-allocator-block-count=8"
    "memorysetup-profiler-allocator-block-size=16777216"
    "memorysetup-profiler-editor-allocator-block-size=1048576"
    "memorysetup-temp-allocator-size-main=16777216"
    "memorysetup-job-temp-allocator-block-size=2097152"
    "memorysetup-job-temp-allocator-block-size-background=1048576"
    "memorysetup-job-temp-allocator-reduction-small-platforms=262144"
    "memorysetup-temp-allocator-size-background-worker=32768"
    "memorysetup-temp-allocator-size-job-worker=262144"
    "memorysetup-temp-allocator-size-preload-manager=33554432"
    "memorysetup-temp-allocator-size-nav-mesh-worker=65536"
    "memorysetup-temp-allocator-size-audio-worker=65536"
    "memorysetup-temp-allocator-size-cloud-worker=32768"
    "memorysetup-temp-allocator-size-gi-baking-worker=262144"
    "memorysetup-temp-allocator-size-gfx=262144"
Refreshing native plugins compatible for Editor in 317.11 ms, found 10 plugins.
Preloading 1 native plugins for Editor in 1.02 ms.
Initialize engine version: 2021.3.14f1 (eee1884e7226)
[Subsystems] Discovering subsystems at path C:/Program Files/Unity/Hub/Editor/2021.3.14f1/Editor/Data/Resources/UnitySubsystems
[Subsystems] Discovering subsystems at path C:/Users/bram/PnO5/Assets
GfxDevice: creating device client; threaded=0; jobified=0
Direct3D:
    Version:  Direct3D 11.0 [level 11.1]
    Renderer: NVIDIA GeForce GTX 1660 Ti (ID=0x2191)
    Vendor:   NVIDIA
    VRAM:     5979 MB
    Driver:   31.0.15.2824
Shader 'Oculus/OVRMRCameraFrameLit': fallback shader 'Alpha-Diffuse' not found
Initialize mono
Mono path[0] = 'C:/Program Files/Unity/Hub/Editor/2021.3.14f1/Editor/Data/Managed'
Mono path[1] = 'C:/Program Files/Unity/Hub/Editor/2021.3.14f1/Editor/Data/MonoBleedingEdge/lib/mono/unityjit-win32'
Mono config path = 'C:/Program Files/Unity/Hub/Editor/2021.3.14f1/Editor/Data/MonoBleedingEdge/etc'
Using monoOptions --debugger-agent=transport=dt_socket,embedding=1,server=y,suspend=n,address=127.0.0.1:56728
Begin MonoManager ReloadAssembly
Registering precompiled unity dll's ...
Register platform support module: C:/Program Files/Unity/Hub/Editor/2021.3.14f1/Editor/Data/PlaybackEngines/WebGLSupport/UnityEditor.WebGL.Extensions.dll
Register platform support module: C:/Program Files/Unity/Hub/Editor/2021.3.14f1/Editor/Data/PlaybackEngines/WindowsStandaloneSupport/UnityEditor.WindowsStandalone.Extensions.dll
Registered in 0.012715 seconds.
Native extension for WindowsStandalone target not found
Native extension for WebGL target not found
Refreshing native plugins compatible for Editor in 292.60 ms, found 10 plugins.
Preloading 1 native plugins for Editor in 0.20 ms.
Mono: successfully reloaded assembly
- Completed reload, in  1.507 seconds
Domain Reload Profiling:
	ReloadAssembly (1508ms)
		BeginReloadAssembly (122ms)
			ExecutionOrderSort (0ms)
			DisableScriptedObjects (0ms)
			BackupInstance (0ms)
			ReleaseScriptingObjects (0ms)
			CreateAndSetChildDomain (1ms)
		EndReloadAssembly (1133ms)
			LoadAssemblies (117ms)
			RebuildTransferFunctionScriptingTraits (0ms)
			SetupTypeCache (238ms)
			ReleaseScriptCaches (0ms)
			RebuildScriptCaches (64ms)
			SetupLoadedEditorAssemblies (727ms)
				LogAssemblyErrors (0ms)
				InitializePlatformSupportModulesInManaged (20ms)
				SetLoadedEditorAssemblies (1ms)
				RefreshPlugins (293ms)
				BeforeProcessingInitializeOnLoad (2ms)
				ProcessInitializeOnLoadAttributes (322ms)
				ProcessInitializeOnLoadMethodAttributes (88ms)
				AfterProcessingInitializeOnLoad (0ms)
				EditorAssembliesLoaded (0ms)
			ExecutionOrderSort2 (0ms)
			AwakeInstancesAfterBackupRestoration (0ms)
Platform modules already initialized, skipping
Registering precompiled user dll's ...
Registered in 0.026294 seconds.
Begin MonoManager ReloadAssembly
Symbol file LoadedFromMemory doesn't match image C:\Users\bram\PnO5\Library\PackageCache\com.unity.visualscripting@1.7.8\Editor\VisualScripting.Core\Dependencies\DotNetZip\Unity.VisualScripting.IonicZip.dll
Symbol file LoadedFromMemory doesn't match image C:\Users\bram\PnO5\Library\PackageCache\com.unity.visualscripting@1.7.8\Editor\VisualScripting.Core\Dependencies\YamlDotNet\Unity.VisualScripting.YamlDotNet.dll
Native extension for WindowsStandalone target not found
Native extension for WebGL target not found
Refreshing native plugins compatible for Editor in 168.99 ms, found 10 plugins.
Preloading 1 native plugins for Editor in 0.13 ms.
Package Manager log level set to [2]
[XR] OculusXRPlugin: registering subsystems
[XR] Unable to register display lifecyle provider: [1]
[XR] Oculus Input lifecycle provider registered.
[XR] Unable to register input lifecyle provider: [1]
[XR] OVRP version 1.82.0
Mono: successfully reloaded assembly
- Completed reload, in  1.897 seconds
Domain Reload Profiling:
	ReloadAssembly (1899ms)
		BeginReloadAssembly (152ms)
			ExecutionOrderSort (0ms)
			DisableScriptedObjects (10ms)
			BackupInstance (0ms)
			ReleaseScriptingObjects (0ms)
			CreateAndSetChildDomain (26ms)
		EndReloadAssembly (1606ms)
			LoadAssemblies (142ms)
			RebuildTransferFunctionScriptingTraits (0ms)
			SetupTypeCache (371ms)
			ReleaseScriptCaches (1ms)
			RebuildScriptCaches (101ms)
			SetupLoadedEditorAssemblies (937ms)
				LogAssemblyErrors (0ms)
				InitializePlatformSupportModulesInManaged (7ms)
				SetLoadedEditorAssemblies (0ms)
				RefreshPlugins (169ms)
				BeforeProcessingInitializeOnLoad (141ms)
				ProcessInitializeOnLoadAttributes (545ms)
				ProcessInitializeOnLoadMethodAttributes (64ms)
				AfterProcessingInitializeOnLoad (10ms)
				EditorAssembliesLoaded (0ms)
			ExecutionOrderSort2 (0ms)
			AwakeInstancesAfterBackupRestoration (7ms)
Platform modules already initialized, skipping
========================================================================
Worker process is ready to serve import requests
Shader 'Oculus/OVRMRCameraFrameLit': fallback shader 'Alpha-Diffuse' not found
Launched and connected shader compiler UnityShaderCompiler.exe after 0.09 seconds
Refreshing native plugins compatible for Editor in 1.80 ms, found 10 plugins.
Preloading 1 native plugins for Editor in 0.14 ms.
Unloading 5721 Unused Serialized files (Serialized files now loaded: 0)
Unloading 98 unused Assets / (22.9 MB). Loaded Objects now: 6142.
Memory consumption went from 304.5 MB to 281.7 MB.
Total: 10.625900 ms (FindLiveObjects: 1.313400 ms CreateObjectMapping: 0.469100 ms MarkObjects: 3.721500 ms  DeleteObjects: 5.120200 ms)

AssetImportParameters requested are different than current active one (requested -> active):
  custom:video-decoder-ogg-theora: a1e56fd34408186e4bbccfd4996cb3dc -> 
  custom:container-muxer-webm: aa71ff27fc2769a1b78a27578f13a17b -> 
  custom:container-demuxer-webm: 4f35f7cbe854078d1ac9338744f61a02 -> 
  custom:video-encoder-webm-vp8: eb34c28f22e8b96e1ab97ce403110664 -> 
  custom:audio-encoder-webm-vorbis: bf7c407c2cedff20999df2af8eb42d56 -> 
  custom:framework-win-MediaFoundation: 216162199b28c13a410421893ffa2e32 -> 
  custom:container-demuxer-ogg: 62fdf1f143b41e24485cea50d1cbac27 -> 
  custom:video-decoder-webm-vp8: 9c59270c3fd7afecdb556c50c9e8de78 -> 
  custom:audio-decoder-ogg-vorbis: bf7c407c2cedff20999df2af8eb42d56 -> 
========================================================================
Received Import Request.
  Time since last request: 1261477.087481 seconds.
  path: Assets/Traffic Signs Dutch/Prefabs/Diamond/B01.prefab
  artifactKey: Guid(a5cdd3adc4c4821419739f9e94d00270) Importer(815301076,1909f56bfc062723c751e8b465ee728b)
Start importing Assets/Traffic Signs Dutch/Prefabs/Diamond/B01.prefab using Guid(a5cdd3adc4c4821419739f9e94d00270) Importer(815301076,1909f56bfc062723c751e8b465ee728b)  -> (artifact id: 'cd1bb09d696ba4313f9e7953f4791ef1') in 0.254500 seconds 
========================================================================
Received Import Request.
  Time since last request: 0.640140 seconds.
  path: Assets/Traffic Signs Dutch/Prefabs/Hexagon/B07.prefab
  artifactKey: Guid(8538bc57a921d41499df753e66e9c869) Importer(815301076,1909f56bfc062723c751e8b465ee728b)
Start importing Assets/Traffic Signs Dutch/Prefabs/Hexagon/B07.prefab using Guid(8538bc57a921d41499df753e66e9c869) Importer(815301076,1909f56bfc062723c751e8b465ee728b)  -> (artifact id: '7718b9259dedca18eee51e167b6be306') in 0.072709 seconds 
========================================================================
Received Import Request.
  Time since last request: 0.348989 seconds.
  path: Assets/Traffic Signs Dutch/Prefabs/Rectangle/G01.prefab
  artifactKey: Guid(52148283a258b2d4488c20b389c80a9f) Importer(815301076,1909f56bfc062723c751e8b465ee728b)
Start importing Assets/Traffic Signs Dutch/Prefabs/Rectangle/G01.prefab using Guid(52148283a258b2d4488c20b389c80a9f) Importer(815301076,1909f56bfc062723c751e8b465ee728b)  -> (artifact id: '096ef338147ab92edef531df3f905517') in 0.032694 seconds 
========================================================================
Received Import Request.
  Time since last request: 0.006411 seconds.
  path: Assets/Traffic Signs Dutch/Prefabs/Rectangle/L08.prefab
  artifactKey: Guid(7c1b5986fcc059540acfda6404ca5531) Importer(815301076,1909f56bfc062723c751e8b465ee728b)
Start importing Assets/Traffic Signs Dutch/Prefabs/Rectangle/L08.prefab using Guid(7c1b5986fcc059540acfda6404ca5531) Importer(815301076,1909f56bfc062723c751e8b465ee728b)  -> (artifact id: 'f71334f655c3ebc21e60f91c5b31c71e') in 0.026686 seconds 
========================================================================
Received Import Request.
  Time since last request: 0.000043 seconds.
  path: Assets/Traffic Signs Dutch/Prefabs/Rectangle/L09-2R.prefab
  artifactKey: Guid(3c4ff1da3dcae0947a0ae7378ab1c234) Importer(815301076,1909f56bfc062723c751e8b465ee728b)
Start importing Assets/Traffic Signs Dutch/Prefabs/Rectangle/L09-2R.prefab using Guid(3c4ff1da3dcae0947a0ae7378ab1c234) Importer(815301076,1909f56bfc062723c751e8b465ee728b)  -> (artifact id: 'd8b94b5146d8423182c03256b170062b') in 0.026418 seconds 
========================================================================
Received Import Request.
  Time since last request: 0.000039 seconds.
  path: Assets/Traffic Signs Dutch/Prefabs/Rectangle/L09-1L.prefab
  artifactKey: Guid(622d3c801ac56f14e8e058e3f36e3bcd) Importer(815301076,1909f56bfc062723c751e8b465ee728b)
Start importing Assets/Traffic Signs Dutch/Prefabs/Rectangle/L09-1L.prefab using Guid(622d3c801ac56f14e8e058e3f36e3bcd) Importer(815301076,1909f56bfc062723c751e8b465ee728b)  -> (artifact id: '5504fdf183ad3776d9da9559df1d7b0e') in 0.020964 seconds 
========================================================================
Received Import Request.
  Time since last request: 5.244134 seconds.
  path: Assets/Traffic Signs Dutch/Prefabs/Round/G07.prefab
  artifactKey: Guid(95c35bf076e4f6b499a1ebc038d0b7e6) Importer(815301076,1909f56bfc062723c751e8b465ee728b)
Start importing Assets/Traffic Signs Dutch/Prefabs/Round/G07.prefab using Guid(95c35bf076e4f6b499a1ebc038d0b7e6) Importer(815301076,1909f56bfc062723c751e8b465ee728b)  -> (artifact id: 'ee969b17f61758ec8b02016cc188c48e') in 0.076469 seconds 
========================================================================
Received Import Request.
  Time since last request: 0.000041 seconds.
  path: Assets/Traffic Signs Dutch/Prefabs/Round/G11.prefab
  artifactKey: Guid(1e7385eae365d714484ec6e1ea57a200) Importer(815301076,1909f56bfc062723c751e8b465ee728b)
Start importing Assets/Traffic Signs Dutch/Prefabs/Round/G11.prefab using Guid(1e7385eae365d714484ec6e1ea57a200) Importer(815301076,1909f56bfc062723c751e8b465ee728b)  -> (artifact id: 'e47a70a830f13def0e9d75dab20b6900') in 0.027461 seconds 
========================================================================
Received Import Request.
  Time since last request: 0.000055 seconds.
  path: Assets/Traffic Signs Dutch/Prefabs/Round/G12B.prefab
  artifactKey: Guid(193798a5e533f0d41a7784c08294c1ee) Importer(815301076,1909f56bfc062723c751e8b465ee728b)
Start importing Assets/Traffic Signs Dutch/Prefabs/Round/G12B.prefab using Guid(193798a5e533f0d41a7784c08294c1ee) Importer(815301076,1909f56bfc062723c751e8b465ee728b)  -> (artifact id: '8ff001f9b5eb5c8bb45cffbff2220cd6') in 0.036102 seconds 
========================================================================
Received Import Request.
  Time since last request: 0.000039 seconds.
  path: Assets/Traffic Signs Dutch/Prefabs/Round/G12A.prefab
  artifactKey: Guid(33e94ef3c026d30478e6dcc46216d4d2) Importer(815301076,1909f56bfc062723c751e8b465ee728b)
Start importing Assets/Traffic Signs Dutch/Prefabs/Round/G12A.prefab using Guid(33e94ef3c026d30478e6dcc46216d4d2) Importer(815301076,1909f56bfc062723c751e8b465ee728b)  -> (artifact id: 'fab44318ef811b11fd0a91d560eeae5d') in 0.023220 seconds 
Editor requested this worker to shutdown with reason: Scaling down because of idle timeout
AssetImportWorker is now disconnected from the server
Process exiting
Exiting without the bug reporter. Application will terminate with return code 0