Using pre-set license
Built from '2021.3/staging' branch; Version is '2021.3.14f1 (eee1884e7226) revision 15655304'; Using compiler version '192829333'; Build Type 'Release'
OS: 'Windows 11  (10.0.22621) 64bit Core' Language: 'nl' Physical Memory: 16253 MB
BatchMode: 1, IsHumanControllingUs: 0, StartBugReporterOnCrash: 0, Is64bit: 1, IsPro: 1

COMMAND LINE ARGUMENTS:
C:\Program Files\Unity\Hub\Editor\2021.3.14f1\Editor\Unity.exe
-adb2
-batchMode
-noUpm
-name
AssetImportWorker4
-projectPath
C:/Users/bram/PnO5
-logFile
Logs/AssetImportWorker4.log
-srvPort
49212
Successfully changed project path to: C:/Users/bram/PnO5
C:/Users/bram/PnO5
[UnityMemory] Configuration Parameters - Can be set up in boot.config
    "memorysetup-bucket-allocator-granularity=16"
    "memorysetup-bucket-allocator-bucket-count=8"
    "memorysetup-bucket-allocator-block-size=33554432"
    "memorysetup-bucket-allocator-block-count=8"
    "memorysetup-main-allocator-block-size=16777216"
    "memorysetup-thread-allocator-block-size=16777216"
    "memorysetup-gfx-main-allocator-block-size=16777216"
    "memorysetup-gfx-thread-allocator-block-size=16777216"
    "memorysetup-cache-allocator-block-size=4194304"
    "memorysetup-typetree-allocator-block-size=2097152"
    "memorysetup-profiler-bucket-allocator-granularity=16"
    "memorysetup-profiler-bucket-allocator-bucket-count=8"
    "memorysetup-profiler-bucket-allocator-block-size=33554432"
    "memorysetup-profiler-bucket-allocator-block-count=8"
    "memorysetup-profiler-allocator-block-size=16777216"
    "memorysetup-profiler-editor-allocator-block-size=1048576"
    "memorysetup-temp-allocator-size-main=16777216"
    "memorysetup-job-temp-allocator-block-size=2097152"
    "memorysetup-job-temp-allocator-block-size-background=1048576"
    "memorysetup-job-temp-allocator-reduction-small-platforms=262144"
    "memorysetup-temp-allocator-size-background-worker=32768"
    "memorysetup-temp-allocator-size-job-worker=262144"
    "memorysetup-temp-allocator-size-preload-manager=33554432"
    "memorysetup-temp-allocator-size-nav-mesh-worker=65536"
    "memorysetup-temp-allocator-size-audio-worker=65536"
    "memorysetup-temp-allocator-size-cloud-worker=32768"
    "memorysetup-temp-allocator-size-gi-baking-worker=262144"
    "memorysetup-temp-allocator-size-gfx=262144"
Refreshing native plugins compatible for Editor in 379.62 ms, found 10 plugins.
Preloading 1 native plugins for Editor in 1.27 ms.
Initialize engine version: 2021.3.14f1 (eee1884e7226)
[Subsystems] Discovering subsystems at path C:/Program Files/Unity/Hub/Editor/2021.3.14f1/Editor/Data/Resources/UnitySubsystems
[Subsystems] Discovering subsystems at path C:/Users/bram/PnO5/Assets
GfxDevice: creating device client; threaded=0; jobified=0
Direct3D:
    Version:  Direct3D 11.0 [level 11.1]
    Renderer: NVIDIA GeForce GTX 1660 Ti (ID=0x2191)
    Vendor:   NVIDIA
    VRAM:     5979 MB
    Driver:   31.0.15.2824
Shader 'Oculus/OVRMRCameraFrameLit': fallback shader 'Alpha-Diffuse' not found
Initialize mono
Mono path[0] = 'C:/Program Files/Unity/Hub/Editor/2021.3.14f1/Editor/Data/Managed'
Mono path[1] = 'C:/Program Files/Unity/Hub/Editor/2021.3.14f1/Editor/Data/MonoBleedingEdge/lib/mono/unityjit-win32'
Mono config path = 'C:/Program Files/Unity/Hub/Editor/2021.3.14f1/Editor/Data/MonoBleedingEdge/etc'
Using monoOptions --debugger-agent=transport=dt_socket,embedding=1,server=y,suspend=n,address=127.0.0.1:56080
Begin MonoManager ReloadAssembly
Registering precompiled unity dll's ...
Register platform support module: C:/Program Files/Unity/Hub/Editor/2021.3.14f1/Editor/Data/PlaybackEngines/WebGLSupport/UnityEditor.WebGL.Extensions.dll
Register platform support module: C:/Program Files/Unity/Hub/Editor/2021.3.14f1/Editor/Data/PlaybackEngines/WindowsStandaloneSupport/UnityEditor.WindowsStandalone.Extensions.dll
Registered in 0.012923 seconds.
Native extension for WindowsStandalone target not found
Native extension for WebGL target not found
Refreshing native plugins compatible for Editor in 293.30 ms, found 10 plugins.
Preloading 1 native plugins for Editor in 0.15 ms.
Mono: successfully reloaded assembly
- Completed reload, in  1.400 seconds
Domain Reload Profiling:
	ReloadAssembly (1401ms)
		BeginReloadAssembly (138ms)
			ExecutionOrderSort (0ms)
			DisableScriptedObjects (0ms)
			BackupInstance (0ms)
			ReleaseScriptingObjects (0ms)
			CreateAndSetChildDomain (1ms)
		EndReloadAssembly (1034ms)
			LoadAssemblies (134ms)
			RebuildTransferFunctionScriptingTraits (0ms)
			SetupTypeCache (201ms)
			ReleaseScriptCaches (0ms)
			RebuildScriptCaches (57ms)
			SetupLoadedEditorAssemblies (667ms)
				LogAssemblyErrors (0ms)
				InitializePlatformSupportModulesInManaged (19ms)
				SetLoadedEditorAssemblies (1ms)
				RefreshPlugins (294ms)
				BeforeProcessingInitializeOnLoad (2ms)
				ProcessInitializeOnLoadAttributes (272ms)
				ProcessInitializeOnLoadMethodAttributes (80ms)
				AfterProcessingInitializeOnLoad (0ms)
				EditorAssembliesLoaded (0ms)
			ExecutionOrderSort2 (0ms)
			AwakeInstancesAfterBackupRestoration (0ms)
Platform modules already initialized, skipping
Registering precompiled user dll's ...
Registered in 0.024701 seconds.
Begin MonoManager ReloadAssembly
Symbol file LoadedFromMemory doesn't match image C:\Users\bram\PnO5\Library\PackageCache\com.unity.visualscripting@1.7.8\Editor\VisualScripting.Core\Dependencies\DotNetZip\Unity.VisualScripting.IonicZip.dll
Symbol file LoadedFromMemory doesn't match image C:\Users\bram\PnO5\Library\PackageCache\com.unity.visualscripting@1.7.8\Editor\VisualScripting.Core\Dependencies\YamlDotNet\Unity.VisualScripting.YamlDotNet.dll
Native extension for WindowsStandalone target not found
Native extension for WebGL target not found
Refreshing native plugins compatible for Editor in 177.08 ms, found 10 plugins.
Preloading 1 native plugins for Editor in 0.09 ms.
Package Manager log level set to [2]
[XR] OculusXRPlugin: registering subsystems
[XR] Unable to register display lifecyle provider: [1]
[XR] Oculus Input lifecycle provider registered.
[XR] Unable to register input lifecyle provider: [1]
[XR] OVRP version 1.82.0
Mono: successfully reloaded assembly
- Completed reload, in  1.897 seconds
Domain Reload Profiling:
	ReloadAssembly (1898ms)
		BeginReloadAssembly (138ms)
			ExecutionOrderSort (0ms)
			DisableScriptedObjects (6ms)
			BackupInstance (0ms)
			ReleaseScriptingObjects (0ms)
			CreateAndSetChildDomain (28ms)
		EndReloadAssembly (1613ms)
			LoadAssemblies (154ms)
			RebuildTransferFunctionScriptingTraits (0ms)
			SetupTypeCache (430ms)
			ReleaseScriptCaches (1ms)
			RebuildScriptCaches (157ms)
			SetupLoadedEditorAssemblies (791ms)
				LogAssemblyErrors (0ms)
				InitializePlatformSupportModulesInManaged (5ms)
				SetLoadedEditorAssemblies (0ms)
				RefreshPlugins (177ms)
				BeforeProcessingInitializeOnLoad (137ms)
				ProcessInitializeOnLoadAttributes (436ms)
				ProcessInitializeOnLoadMethodAttributes (25ms)
				AfterProcessingInitializeOnLoad (10ms)
				EditorAssembliesLoaded (0ms)
			ExecutionOrderSort2 (0ms)
			AwakeInstancesAfterBackupRestoration (10ms)
Platform modules already initialized, skipping
========================================================================
Worker process is ready to serve import requests
Shader 'Oculus/OVRMRCameraFrameLit': fallback shader 'Alpha-Diffuse' not found
Launched and connected shader compiler UnityShaderCompiler.exe after 0.06 seconds
Refreshing native plugins compatible for Editor in 2.57 ms, found 10 plugins.
Preloading 1 native plugins for Editor in 0.13 ms.
Unloading 5721 Unused Serialized files (Serialized files now loaded: 0)
Unloading 98 unused Assets / (22.9 MB). Loaded Objects now: 6142.
Memory consumption went from 304.5 MB to 281.7 MB.
Total: 8.985600 ms (FindLiveObjects: 0.609600 ms CreateObjectMapping: 0.614700 ms MarkObjects: 3.511100 ms  DeleteObjects: 4.248600 ms)

AssetImportParameters requested are different than current active one (requested -> active):
  custom:video-decoder-ogg-theora: a1e56fd34408186e4bbccfd4996cb3dc -> 
  custom:container-muxer-webm: aa71ff27fc2769a1b78a27578f13a17b -> 
  custom:container-demuxer-webm: 4f35f7cbe854078d1ac9338744f61a02 -> 
  custom:video-encoder-webm-vp8: eb34c28f22e8b96e1ab97ce403110664 -> 
  custom:audio-encoder-webm-vorbis: bf7c407c2cedff20999df2af8eb42d56 -> 
  custom:framework-win-MediaFoundation: 216162199b28c13a410421893ffa2e32 -> 
  custom:container-demuxer-ogg: 62fdf1f143b41e24485cea50d1cbac27 -> 
  custom:video-decoder-webm-vp8: 9c59270c3fd7afecdb556c50c9e8de78 -> 
  custom:audio-decoder-ogg-vorbis: bf7c407c2cedff20999df2af8eb42d56 -> 
========================================================================
Received Prepare
Registering precompiled user dll's ...
Registered in 0.021342 seconds.
Begin MonoManager ReloadAssembly
Symbol file LoadedFromMemory doesn't match image C:\Users\bram\PnO5\Library\PackageCache\com.unity.visualscripting@1.7.8\Editor\VisualScripting.Core\Dependencies\DotNetZip\Unity.VisualScripting.IonicZip.dll
Symbol file LoadedFromMemory doesn't match image C:\Users\bram\PnO5\Library\PackageCache\com.unity.visualscripting@1.7.8\Editor\VisualScripting.Core\Dependencies\YamlDotNet\Unity.VisualScripting.YamlDotNet.dll
Native extension for WindowsStandalone target not found
Native extension for WebGL target not found
Refreshing native plugins compatible for Editor in 2.36 ms, found 10 plugins.
Preloading 1 native plugins for Editor in 0.14 ms.
[Package Manager] Server::EnsureServerProcessIsRunning -- launch failed, reason: Unity was launched with the -noUpm command-line argument
[Package Manager] Cannot connect to Unity Package Manager local server
[Package Manager] Server::EnsureServerProcessIsRunning -- launch failed, reason: Unity was launched with the -noUpm command-line argument
[Package Manager] Cannot connect to Unity Package Manager local server
[Package Manager] Server::EnsureServerProcessIsRunning -- launch failed, reason: Unity was launched with the -noUpm command-line argument
[Package Manager] Cannot connect to Unity Package Manager local server
[Package Manager] Server::EnsureServerProcessIsRunning -- launch failed, reason: Unity was launched with the -noUpm command-line argument
[Package Manager] Cannot connect to Unity Package Manager local server
Mono: successfully reloaded assembly
- Completed reload, in  1.385 seconds
Domain Reload Profiling:
	ReloadAssembly (1386ms)
		BeginReloadAssembly (174ms)
			ExecutionOrderSort (0ms)
			DisableScriptedObjects (4ms)
			BackupInstance (0ms)
			ReleaseScriptingObjects (0ms)
			CreateAndSetChildDomain (56ms)
		EndReloadAssembly (1104ms)
			LoadAssemblies (125ms)
			RebuildTransferFunctionScriptingTraits (0ms)
			SetupTypeCache (362ms)
			ReleaseScriptCaches (2ms)
			RebuildScriptCaches (65ms)
			SetupLoadedEditorAssemblies (493ms)
				LogAssemblyErrors (0ms)
				InitializePlatformSupportModulesInManaged (20ms)
				SetLoadedEditorAssemblies (1ms)
				RefreshPlugins (3ms)
				BeforeProcessingInitializeOnLoad (97ms)
				ProcessInitializeOnLoadAttributes (325ms)
				ProcessInitializeOnLoadMethodAttributes (35ms)
				AfterProcessingInitializeOnLoad (12ms)
				EditorAssembliesLoaded (0ms)
			ExecutionOrderSort2 (0ms)
			AwakeInstancesAfterBackupRestoration (8ms)
Platform modules already initialized, skipping
Shader 'Oculus/OVRMRCameraFrameLit': fallback shader 'Alpha-Diffuse' not found
Refreshing native plugins compatible for Editor in 12.47 ms, found 10 plugins.
Preloading 1 native plugins for Editor in 0.12 ms.
Unloading 5566 Unused Serialized files (Serialized files now loaded: 0)
Unloading 90 unused Assets / (22.9 MB). Loaded Objects now: 6146.
Memory consumption went from 289.7 MB to 266.9 MB.
Total: 7.895900 ms (FindLiveObjects: 0.553200 ms CreateObjectMapping: 0.178900 ms MarkObjects: 2.932000 ms  DeleteObjects: 4.228600 ms)

AssetImportParameters requested are different than current active one (requested -> active):
  custom:video-decoder-ogg-theora: a1e56fd34408186e4bbccfd4996cb3dc -> 
  custom:container-muxer-webm: aa71ff27fc2769a1b78a27578f13a17b -> 
  custom:container-demuxer-webm: 4f35f7cbe854078d1ac9338744f61a02 -> 
  custom:video-encoder-webm-vp8: eb34c28f22e8b96e1ab97ce403110664 -> 
  custom:audio-encoder-webm-vorbis: bf7c407c2cedff20999df2af8eb42d56 -> 
  custom:framework-win-MediaFoundation: 216162199b28c13a410421893ffa2e32 -> 
  custom:container-demuxer-ogg: 62fdf1f143b41e24485cea50d1cbac27 -> 
  custom:video-decoder-webm-vp8: 9c59270c3fd7afecdb556c50c9e8de78 -> 
  custom:audio-decoder-ogg-vorbis: bf7c407c2cedff20999df2af8eb42d56 -> 
========================================================================
Received Prepare
Registering precompiled user dll's ...
Registered in 0.014041 seconds.
Begin MonoManager ReloadAssembly
Symbol file LoadedFromMemory doesn't match image C:\Users\bram\PnO5\Library\PackageCache\com.unity.visualscripting@1.7.8\Editor\VisualScripting.Core\Dependencies\DotNetZip\Unity.VisualScripting.IonicZip.dll
Symbol file LoadedFromMemory doesn't match image C:\Users\bram\PnO5\Library\PackageCache\com.unity.visualscripting@1.7.8\Editor\VisualScripting.Core\Dependencies\YamlDotNet\Unity.VisualScripting.YamlDotNet.dll
Native extension for WindowsStandalone target not found
Native extension for WebGL target not found
Refreshing native plugins compatible for Editor in 1.57 ms, found 10 plugins.
Preloading 1 native plugins for Editor in 0.12 ms.
[Package Manager] Server::EnsureServerProcessIsRunning -- launch failed, reason: Unity was launched with the -noUpm command-line argument
[Package Manager] Cannot connect to Unity Package Manager local server
[Package Manager] Server::EnsureServerProcessIsRunning -- launch failed, reason: Unity was launched with the -noUpm command-line argument
[Package Manager] Cannot connect to Unity Package Manager local server
[Package Manager] Server::EnsureServerProcessIsRunning -- launch failed, reason: Unity was launched with the -noUpm command-line argument
[Package Manager] Cannot connect to Unity Package Manager local server
Mono: successfully reloaded assembly
- Completed reload, in  1.462 seconds
Domain Reload Profiling:
	ReloadAssembly (1463ms)
		BeginReloadAssembly (170ms)
			ExecutionOrderSort (0ms)
			DisableScriptedObjects (5ms)
			BackupInstance (0ms)
			ReleaseScriptingObjects (0ms)
			CreateAndSetChildDomain (52ms)
		EndReloadAssembly (1177ms)
			LoadAssemblies (135ms)
			RebuildTransferFunctionScriptingTraits (0ms)
			SetupTypeCache (382ms)
			ReleaseScriptCaches (2ms)
			RebuildScriptCaches (79ms)
			SetupLoadedEditorAssemblies (518ms)
				LogAssemblyErrors (0ms)
				InitializePlatformSupportModulesInManaged (15ms)
				SetLoadedEditorAssemblies (0ms)
				RefreshPlugins (2ms)
				BeforeProcessingInitializeOnLoad (98ms)
				ProcessInitializeOnLoadAttributes (367ms)
				ProcessInitializeOnLoadMethodAttributes (27ms)
				AfterProcessingInitializeOnLoad (8ms)
				EditorAssembliesLoaded (0ms)
			ExecutionOrderSort2 (0ms)
			AwakeInstancesAfterBackupRestoration (6ms)
Platform modules already initialized, skipping
Shader 'Oculus/OVRMRCameraFrameLit': fallback shader 'Alpha-Diffuse' not found
Refreshing native plugins compatible for Editor in 9.89 ms, found 10 plugins.
Preloading 1 native plugins for Editor in 0.08 ms.
Unloading 5566 Unused Serialized files (Serialized files now loaded: 0)
Unloading 90 unused Assets / (22.9 MB). Loaded Objects now: 6150.
Memory consumption went from 289.7 MB to 266.9 MB.
Total: 10.429200 ms (FindLiveObjects: 0.802000 ms CreateObjectMapping: 0.657300 ms MarkObjects: 3.643200 ms  DeleteObjects: 5.324400 ms)

AssetImportParameters requested are different than current active one (requested -> active):
  custom:video-decoder-ogg-theora: a1e56fd34408186e4bbccfd4996cb3dc -> 
  custom:container-muxer-webm: aa71ff27fc2769a1b78a27578f13a17b -> 
  custom:container-demuxer-webm: 4f35f7cbe854078d1ac9338744f61a02 -> 
  custom:video-encoder-webm-vp8: eb34c28f22e8b96e1ab97ce403110664 -> 
  custom:audio-encoder-webm-vorbis: bf7c407c2cedff20999df2af8eb42d56 -> 
  custom:framework-win-MediaFoundation: 216162199b28c13a410421893ffa2e32 -> 
  custom:container-demuxer-ogg: 62fdf1f143b41e24485cea50d1cbac27 -> 
  custom:video-decoder-webm-vp8: 9c59270c3fd7afecdb556c50c9e8de78 -> 
  custom:audio-decoder-ogg-vorbis: bf7c407c2cedff20999df2af8eb42d56 -> 
========================================================================
Received Import Request.
  Time since last request: 1263790.387174 seconds.
  path: Assets/Traffic Signs Dutch/Prefabs/Hexagon
  artifactKey: Guid(70bd43450bd473c42b7ce65c96063f6c) Importer(815301076,1909f56bfc062723c751e8b465ee728b)
Start importing Assets/Traffic Signs Dutch/Prefabs/Hexagon using Guid(70bd43450bd473c42b7ce65c96063f6c) Importer(815301076,1909f56bfc062723c751e8b465ee728b)  -> (artifact id: '5d0a68d835ebcaf1dcbcfeea095286e2') in 0.013879 seconds 
========================================================================
Received Prepare
Registering precompiled user dll's ...
Registered in 0.010855 seconds.
Begin MonoManager ReloadAssembly
Symbol file LoadedFromMemory doesn't match image C:\Users\bram\PnO5\Library\PackageCache\com.unity.visualscripting@1.7.8\Editor\VisualScripting.Core\Dependencies\DotNetZip\Unity.VisualScripting.IonicZip.dll
Symbol file LoadedFromMemory doesn't match image C:\Users\bram\PnO5\Library\PackageCache\com.unity.visualscripting@1.7.8\Editor\VisualScripting.Core\Dependencies\YamlDotNet\Unity.VisualScripting.YamlDotNet.dll
Native extension for WindowsStandalone target not found
Native extension for WebGL target not found
Refreshing native plugins compatible for Editor in 2.07 ms, found 10 plugins.
Preloading 1 native plugins for Editor in 0.12 ms.
[Package Manager] Server::EnsureServerProcessIsRunning -- launch failed, reason: Unity was launched with the -noUpm command-line argument
[Package Manager] Cannot connect to Unity Package Manager local server
[Package Manager] Server::EnsureServerProcessIsRunning -- launch failed, reason: Unity was launched with the -noUpm command-line argument
[Package Manager] Cannot connect to Unity Package Manager local server
[Package Manager] Server::EnsureServerProcessIsRunning -- launch failed, reason: Unity was launched with the -noUpm command-line argument
[Package Manager] Cannot connect to Unity Package Manager local server
Mono: successfully reloaded assembly
- Completed reload, in  1.418 seconds
Domain Reload Profiling:
	ReloadAssembly (1419ms)
		BeginReloadAssembly (316ms)
			ExecutionOrderSort (0ms)
			DisableScriptedObjects (10ms)
			BackupInstance (0ms)
			ReleaseScriptingObjects (0ms)
			CreateAndSetChildDomain (141ms)
		EndReloadAssembly (995ms)
			LoadAssemblies (140ms)
			RebuildTransferFunctionScriptingTraits (0ms)
			SetupTypeCache (364ms)
			ReleaseScriptCaches (2ms)
			RebuildScriptCaches (50ms)
			SetupLoadedEditorAssemblies (423ms)
				LogAssemblyErrors (0ms)
				InitializePlatformSupportModulesInManaged (15ms)
				SetLoadedEditorAssemblies (1ms)
				RefreshPlugins (2ms)
				BeforeProcessingInitializeOnLoad (85ms)
				ProcessInitializeOnLoadAttributes (282ms)
				ProcessInitializeOnLoadMethodAttributes (29ms)
				AfterProcessingInitializeOnLoad (10ms)
				EditorAssembliesLoaded (0ms)
			ExecutionOrderSort2 (0ms)
			AwakeInstancesAfterBackupRestoration (8ms)
Platform modules already initialized, skipping
Shader 'Oculus/OVRMRCameraFrameLit': fallback shader 'Alpha-Diffuse' not found
Refreshing native plugins compatible for Editor in 8.71 ms, found 10 plugins.
Preloading 1 native plugins for Editor in 0.08 ms.
Unloading 5566 Unused Serialized files (Serialized files now loaded: 0)
Unloading 90 unused Assets / (22.9 MB). Loaded Objects now: 6154.
Memory consumption went from 289.8 MB to 266.9 MB.
Total: 9.436100 ms (FindLiveObjects: 0.588800 ms CreateObjectMapping: 0.507500 ms MarkObjects: 4.412700 ms  DeleteObjects: 3.924800 ms)

AssetImportParameters requested are different than current active one (requested -> active):
  custom:video-decoder-ogg-theora: a1e56fd34408186e4bbccfd4996cb3dc -> 
  custom:container-muxer-webm: aa71ff27fc2769a1b78a27578f13a17b -> 
  custom:container-demuxer-webm: 4f35f7cbe854078d1ac9338744f61a02 -> 
  custom:video-encoder-webm-vp8: eb34c28f22e8b96e1ab97ce403110664 -> 
  custom:audio-encoder-webm-vorbis: bf7c407c2cedff20999df2af8eb42d56 -> 
  custom:framework-win-MediaFoundation: 216162199b28c13a410421893ffa2e32 -> 
  custom:container-demuxer-ogg: 62fdf1f143b41e24485cea50d1cbac27 -> 
  custom:video-decoder-webm-vp8: 9c59270c3fd7afecdb556c50c9e8de78 -> 
  custom:audio-decoder-ogg-vorbis: bf7c407c2cedff20999df2af8eb42d56 -> 
========================================================================
Received Prepare
Registering precompiled user dll's ...
Registered in 0.011248 seconds.
Begin MonoManager ReloadAssembly
Symbol file LoadedFromMemory doesn't match image C:\Users\bram\PnO5\Library\PackageCache\com.unity.visualscripting@1.7.8\Editor\VisualScripting.Core\Dependencies\DotNetZip\Unity.VisualScripting.IonicZip.dll
Symbol file LoadedFromMemory doesn't match image C:\Users\bram\PnO5\Library\PackageCache\com.unity.visualscripting@1.7.8\Editor\VisualScripting.Core\Dependencies\YamlDotNet\Unity.VisualScripting.YamlDotNet.dll
Native extension for WindowsStandalone target not found
Native extension for WebGL target not found
Refreshing native plugins compatible for Editor in 1.88 ms, found 10 plugins.
Preloading 1 native plugins for Editor in 0.17 ms.
[Package Manager] Server::EnsureServerProcessIsRunning -- launch failed, reason: Unity was launched with the -noUpm command-line argument
[Package Manager] Cannot connect to Unity Package Manager local server
[Package Manager] Server::EnsureServerProcessIsRunning -- launch failed, reason: Unity was launched with the -noUpm command-line argument
[Package Manager] Cannot connect to Unity Package Manager local server
[Package Manager] Server::EnsureServerProcessIsRunning -- launch failed, reason: Unity was launched with the -noUpm command-line argument
[Package Manager] Cannot connect to Unity Package Manager local server
Mono: successfully reloaded assembly
- Completed reload, in  1.364 seconds
Domain Reload Profiling:
	ReloadAssembly (1365ms)
		BeginReloadAssembly (137ms)
			ExecutionOrderSort (0ms)
			DisableScriptedObjects (4ms)
			BackupInstance (0ms)
			ReleaseScriptingObjects (0ms)
			CreateAndSetChildDomain (40ms)
		EndReloadAssembly (1118ms)
			LoadAssemblies (106ms)
			RebuildTransferFunctionScriptingTraits (0ms)
			SetupTypeCache (323ms)
			ReleaseScriptCaches (2ms)
			RebuildScriptCaches (54ms)
			SetupLoadedEditorAssemblies (514ms)
				LogAssemblyErrors (0ms)
				InitializePlatformSupportModulesInManaged (16ms)
				SetLoadedEditorAssemblies (1ms)
				RefreshPlugins (2ms)
				BeforeProcessingInitializeOnLoad (97ms)
				ProcessInitializeOnLoadAttributes (356ms)
				ProcessInitializeOnLoadMethodAttributes (31ms)
				AfterProcessingInitializeOnLoad (11ms)
				EditorAssembliesLoaded (0ms)
			ExecutionOrderSort2 (0ms)
			AwakeInstancesAfterBackupRestoration (8ms)
Platform modules already initialized, skipping
Shader 'Oculus/OVRMRCameraFrameLit': fallback shader 'Alpha-Diffuse' not found
Refreshing native plugins compatible for Editor in 10.01 ms, found 10 plugins.
Preloading 1 native plugins for Editor in 0.18 ms.
Unloading 5566 Unused Serialized files (Serialized files now loaded: 0)
Unloading 90 unused Assets / (22.9 MB). Loaded Objects now: 6158.
Memory consumption went from 289.8 MB to 266.9 MB.
Total: 11.266800 ms (FindLiveObjects: 0.933300 ms CreateObjectMapping: 0.706000 ms MarkObjects: 4.278500 ms  DeleteObjects: 5.347100 ms)

AssetImportParameters requested are different than current active one (requested -> active):
  custom:video-decoder-ogg-theora: a1e56fd34408186e4bbccfd4996cb3dc -> 
  custom:container-muxer-webm: aa71ff27fc2769a1b78a27578f13a17b -> 
  custom:container-demuxer-webm: 4f35f7cbe854078d1ac9338744f61a02 -> 
  custom:video-encoder-webm-vp8: eb34c28f22e8b96e1ab97ce403110664 -> 
  custom:audio-encoder-webm-vorbis: bf7c407c2cedff20999df2af8eb42d56 -> 
  custom:framework-win-MediaFoundation: 216162199b28c13a410421893ffa2e32 -> 
  custom:container-demuxer-ogg: 62fdf1f143b41e24485cea50d1cbac27 -> 
  custom:video-decoder-webm-vp8: 9c59270c3fd7afecdb556c50c9e8de78 -> 
  custom:audio-decoder-ogg-vorbis: bf7c407c2cedff20999df2af8eb42d56 -> 
========================================================================
Received Import Request.
  Time since last request: 2838.600519 seconds.
  path: Assets/Traffic Signs Dutch/Prefabs/Square
  artifactKey: Guid(9ef1a992186856446885d222f91f63d5) Importer(815301076,1909f56bfc062723c751e8b465ee728b)
Start importing Assets/Traffic Signs Dutch/Prefabs/Square using Guid(9ef1a992186856446885d222f91f63d5) Importer(815301076,1909f56bfc062723c751e8b465ee728b)  -> (artifact id: '26c070cd149de7c1d3c168ec12f010dd') in 0.013989 seconds 
========================================================================
Received Import Request.
  Time since last request: 0.008900 seconds.
  path: Assets/Traffic Signs Dutch/Prefabs/Square/A04-30.prefab
  artifactKey: Guid(e1287344d1b2c64438289c3b40b12492) Importer(815301076,1909f56bfc062723c751e8b465ee728b)
Start importing Assets/Traffic Signs Dutch/Prefabs/Square/A04-30.prefab using Guid(e1287344d1b2c64438289c3b40b12492) Importer(815301076,1909f56bfc062723c751e8b465ee728b)  -> (artifact id: '9068b731b5ad401102742bf1dbb01353') in 0.302295 seconds 
========================================================================
Received Import Request.
  Time since last request: 0.000038 seconds.
  path: Assets/Traffic Signs Dutch/Prefabs/Square/OB702-2.prefab
  artifactKey: Guid(3ff8d1e1132174c4d8aedcd4fa1b6cd2) Importer(815301076,1909f56bfc062723c751e8b465ee728b)
Start importing Assets/Traffic Signs Dutch/Prefabs/Square/OB702-2.prefab using Guid(3ff8d1e1132174c4d8aedcd4fa1b6cd2) Importer(815301076,1909f56bfc062723c751e8b465ee728b)  -> (artifact id: '1b7f91e70f05d128457a5aefc6210f8b') in 0.035727 seconds 
========================================================================
Received Import Request.
  Time since last request: 0.000036 seconds.
  path: Assets/Traffic Signs Dutch/Prefabs/Square/G03.prefab
  artifactKey: Guid(b58a5085ca6f049489d058a2b60c9fe6) Importer(815301076,1909f56bfc062723c751e8b465ee728b)
Start importing Assets/Traffic Signs Dutch/Prefabs/Square/G03.prefab using Guid(b58a5085ca6f049489d058a2b60c9fe6) Importer(815301076,1909f56bfc062723c751e8b465ee728b)  -> (artifact id: '20e80bd39f61e855f555f7529fc8e746') in 0.028604 seconds 
========================================================================
Received Import Request.
  Time since last request: 0.000031 seconds.
  path: Assets/Traffic Signs Dutch/Prefabs/Square/A05-30.prefab
  artifactKey: Guid(d8491ea81489fae479cfd634e8f037c1) Importer(815301076,1909f56bfc062723c751e8b465ee728b)
Start importing Assets/Traffic Signs Dutch/Prefabs/Square/A05-30.prefab using Guid(d8491ea81489fae479cfd634e8f037c1) Importer(815301076,1909f56bfc062723c751e8b465ee728b)  -> (artifact id: '4ca63adfcc5c8f4d65bbe91c03904d89') in 0.027472 seconds 
========================================================================
Received Import Request.
  Time since last request: 0.000026 seconds.
  path: Assets/Traffic Signs Dutch/Prefabs/Square/OB702-1.prefab
  artifactKey: Guid(2a7f3d082dcb11446a3f6321a18858d6) Importer(815301076,1909f56bfc062723c751e8b465ee728b)
Start importing Assets/Traffic Signs Dutch/Prefabs/Square/OB702-1.prefab using Guid(2a7f3d082dcb11446a3f6321a18858d6) Importer(815301076,1909f56bfc062723c751e8b465ee728b)  -> (artifact id: 'd4dbb7fcce07eb474e30c90a94f19e8d') in 0.025494 seconds 
========================================================================
Received Import Request.
  Time since last request: 0.000045 seconds.
  path: Assets/Traffic Signs Dutch/Prefabs/Square/A04-80.prefab
  artifactKey: Guid(62f6460a6bc388f47b0c58515d68925a) Importer(815301076,1909f56bfc062723c751e8b465ee728b)
Start importing Assets/Traffic Signs Dutch/Prefabs/Square/A04-80.prefab using Guid(62f6460a6bc388f47b0c58515d68925a) Importer(815301076,1909f56bfc062723c751e8b465ee728b)  -> (artifact id: '43d7affeb2c86320a647c35fe1aa2d68') in 0.026040 seconds 
========================================================================
Received Import Request.
  Time since last request: 0.000025 seconds.
  path: Assets/Traffic Signs Dutch/Prefabs/Square/A05-70.prefab
  artifactKey: Guid(190f9434f69bea44c807cc8c0be476c6) Importer(815301076,1909f56bfc062723c751e8b465ee728b)
Start importing Assets/Traffic Signs Dutch/Prefabs/Square/A05-70.prefab using Guid(190f9434f69bea44c807cc8c0be476c6) Importer(815301076,1909f56bfc062723c751e8b465ee728b)  -> (artifact id: '61e97e1ea49575b824327d2a02f6cee3') in 0.027943 seconds 
========================================================================
Received Import Request.
  Time since last request: 0.000035 seconds.
  path: Assets/Traffic Signs Dutch/Prefabs/Square/OB703-2.prefab
  artifactKey: Guid(8297edf14f6b7e54c8102e56a84dda0a) Importer(815301076,1909f56bfc062723c751e8b465ee728b)
Start importing Assets/Traffic Signs Dutch/Prefabs/Square/OB703-2.prefab using Guid(8297edf14f6b7e54c8102e56a84dda0a) Importer(815301076,1909f56bfc062723c751e8b465ee728b)  -> (artifact id: 'cfe194a4f65a06add21cd8ccb82d9a9d') in 0.027348 seconds 
========================================================================
Received Import Request.
  Time since last request: 0.000034 seconds.
  path: Assets/Traffic Signs Dutch/Prefabs/Square/G04.prefab
  artifactKey: Guid(863042c17e87de54db4a86f738218b9e) Importer(815301076,1909f56bfc062723c751e8b465ee728b)
Start importing Assets/Traffic Signs Dutch/Prefabs/Square/G04.prefab using Guid(863042c17e87de54db4a86f738218b9e) Importer(815301076,1909f56bfc062723c751e8b465ee728b)  -> (artifact id: 'f05208743f021d8c403a15645fab1087') in 0.027971 seconds 
========================================================================
Received Import Request.
  Time since last request: 0.000054 seconds.
  path: Assets/Traffic Signs Dutch/Prefabs/Square/C03.prefab
  artifactKey: Guid(2ddd923e6d7220a43914230c53fafac1) Importer(815301076,1909f56bfc062723c751e8b465ee728b)
Start importing Assets/Traffic Signs Dutch/Prefabs/Square/C03.prefab using Guid(2ddd923e6d7220a43914230c53fafac1) Importer(815301076,1909f56bfc062723c751e8b465ee728b)  -> (artifact id: '95bd83237379d0f94b6369f0f912ebf0') in 0.021885 seconds 
========================================================================
Received Import Request.
  Time since last request: 4.279304 seconds.
  path: Assets/Traffic Signs Dutch/Prefabs/Rectangle_2
  artifactKey: Guid(a990756fb4173ad46a5e75eac3239f4c) Importer(815301076,1909f56bfc062723c751e8b465ee728b)
Start importing Assets/Traffic Signs Dutch/Prefabs/Rectangle_2 using Guid(a990756fb4173ad46a5e75eac3239f4c) Importer(815301076,1909f56bfc062723c751e8b465ee728b)  -> (artifact id: '1fdaa393d38d5afde4c95566fa38f3e8') in 0.005062 seconds 
========================================================================
Received Import Request.
  Time since last request: 0.776949 seconds.
  path: Assets/Traffic Signs Dutch/Prefabs/Rectangle_3
  artifactKey: Guid(7bf55a22f7a8dbd4ba2a069631d361a6) Importer(815301076,1909f56bfc062723c751e8b465ee728b)
Start importing Assets/Traffic Signs Dutch/Prefabs/Rectangle_3 using Guid(7bf55a22f7a8dbd4ba2a069631d361a6) Importer(815301076,1909f56bfc062723c751e8b465ee728b)  -> (artifact id: '2f368626ca8db416c9c98b105106bbc7') in 0.004512 seconds 
========================================================================
Received Import Request.
  Time since last request: 0.102807 seconds.
  path: Assets/Traffic Signs Dutch/Prefabs/Rectangle_3/C04-L.prefab
  artifactKey: Guid(39435e35984fdf3419822f0b32ef2131) Importer(815301076,1909f56bfc062723c751e8b465ee728b)
Start importing Assets/Traffic Signs Dutch/Prefabs/Rectangle_3/C04-L.prefab using Guid(39435e35984fdf3419822f0b32ef2131) Importer(815301076,1909f56bfc062723c751e8b465ee728b)  -> (artifact id: '0bd9435b67e701521ea5fa8cfaa17963') in 0.036662 seconds 
========================================================================
Received Import Request.
  Time since last request: 0.000051 seconds.
  path: Assets/Traffic Signs Dutch/Prefabs/Rectangle_3/C05.prefab
  artifactKey: Guid(de6a1b254f50cd642a6a844a7aeadce3) Importer(815301076,1909f56bfc062723c751e8b465ee728b)
Start importing Assets/Traffic Signs Dutch/Prefabs/Rectangle_3/C05.prefab using Guid(de6a1b254f50cd642a6a844a7aeadce3) Importer(815301076,1909f56bfc062723c751e8b465ee728b)  -> (artifact id: '9ad567c7dfb7f2aeea90a9f1a173f400') in 0.023398 seconds 
========================================================================
Received Import Request.
  Time since last request: 2.320288 seconds.
  path: Assets/Traffic Signs Dutch/Prefabs/Rectangle_2/A01-30-ZB.prefab
  artifactKey: Guid(aabebfa768d01ae4b9411716058f629c) Importer(815301076,1909f56bfc062723c751e8b465ee728b)
Start importing Assets/Traffic Signs Dutch/Prefabs/Rectangle_2/A01-30-ZB.prefab using Guid(aabebfa768d01ae4b9411716058f629c) Importer(815301076,1909f56bfc062723c751e8b465ee728b)  -> (artifact id: 'eac89631b18a6718d832c6238e2446ea') in 0.031064 seconds 
========================================================================
Received Import Request.
  Time since last request: 0.000051 seconds.
  path: Assets/Traffic Signs Dutch/Prefabs/Rectangle_2/C12-ZH1.prefab
  artifactKey: Guid(192d7ee723a160a4f9da3911838b10f3) Importer(815301076,1909f56bfc062723c751e8b465ee728b)
Start importing Assets/Traffic Signs Dutch/Prefabs/Rectangle_2/C12-ZH1.prefab using Guid(192d7ee723a160a4f9da3911838b10f3) Importer(815301076,1909f56bfc062723c751e8b465ee728b)  -> (artifact id: '1d06b6455f51c603c5b3beff66b39cd0') in 0.026881 seconds 
========================================================================
Received Import Request.
  Time since last request: 0.000033 seconds.
  path: Assets/Traffic Signs Dutch/Prefabs/Rectangle_2/G07-ZH.prefab
  artifactKey: Guid(b5f8c121dcd42f74e9b97268435d4b2e) Importer(815301076,1909f56bfc062723c751e8b465ee728b)
Start importing Assets/Traffic Signs Dutch/Prefabs/Rectangle_2/G07-ZH.prefab using Guid(b5f8c121dcd42f74e9b97268435d4b2e) Importer(815301076,1909f56bfc062723c751e8b465ee728b)  -> (artifact id: '6e269970259dc2d200dd512f68f7fb95') in 0.029438 seconds 
========================================================================
Received Import Request.
  Time since last request: 0.000100 seconds.
  path: Assets/Traffic Signs Dutch/Prefabs/Rectangle_2/E01-ZB.prefab
  artifactKey: Guid(acda83c43cfe8c145832f5679c9e3b8e) Importer(815301076,1909f56bfc062723c751e8b465ee728b)
Start importing Assets/Traffic Signs Dutch/Prefabs/Rectangle_2/E01-ZB.prefab using Guid(acda83c43cfe8c145832f5679c9e3b8e) Importer(815301076,1909f56bfc062723c751e8b465ee728b)  -> (artifact id: '3171da9a1450150638932d99b8bda0f9') in 0.032554 seconds 
========================================================================
Received Import Request.
  Time since last request: 0.000084 seconds.
  path: Assets/Traffic Signs Dutch/Prefabs/Rectangle_2/E01-ZE.prefab
  artifactKey: Guid(6378bff34a3476540a10dafe41cdc8b4) Importer(815301076,1909f56bfc062723c751e8b465ee728b)
Start importing Assets/Traffic Signs Dutch/Prefabs/Rectangle_2/E01-ZE.prefab using Guid(6378bff34a3476540a10dafe41cdc8b4) Importer(815301076,1909f56bfc062723c751e8b465ee728b)  -> (artifact id: '36ba61f8547925e70fd47b9a276af463') in 0.031119 seconds 
========================================================================
Received Import Request.
  Time since last request: 0.000028 seconds.
  path: Assets/Traffic Signs Dutch/Prefabs/Rectangle_2/A02-030ze.prefab
  artifactKey: Guid(fc7b017e90ee32a4086b5d8826e409b9) Importer(815301076,1909f56bfc062723c751e8b465ee728b)
Start importing Assets/Traffic Signs Dutch/Prefabs/Rectangle_2/A02-030ze.prefab using Guid(fc7b017e90ee32a4086b5d8826e409b9) Importer(815301076,1909f56bfc062723c751e8b465ee728b)  -> (artifact id: 'f0f2ffa9af9c5b408585c6738015a5a8') in 0.031041 seconds 
========================================================================
Received Import Request.
  Time since last request: 0.000043 seconds.
  path: Assets/Traffic Signs Dutch/Prefabs/Rectangle_2/G07-ZE.prefab
  artifactKey: Guid(21835487b9d116946a694877aaefe44e) Importer(815301076,1909f56bfc062723c751e8b465ee728b)
Start importing Assets/Traffic Signs Dutch/Prefabs/Rectangle_2/G07-ZE.prefab using Guid(21835487b9d116946a694877aaefe44e) Importer(815301076,1909f56bfc062723c751e8b465ee728b)  -> (artifact id: 'f292d46fcb981e2b4ef01a3fd562ca5d') in 0.032621 seconds 
========================================================================
Received Import Request.
  Time since last request: 0.000028 seconds.
  path: Assets/Traffic Signs Dutch/Prefabs/Rectangle_2/E02-ZB.prefab
  artifactKey: Guid(403acd3869d73114b9413946d6cd13a2) Importer(815301076,1909f56bfc062723c751e8b465ee728b)
Start importing Assets/Traffic Signs Dutch/Prefabs/Rectangle_2/E02-ZB.prefab using Guid(403acd3869d73114b9413946d6cd13a2) Importer(815301076,1909f56bfc062723c751e8b465ee728b)  -> (artifact id: '1bc5309e409e41d0f5200d90a0f27909') in 0.028922 seconds 
========================================================================
Received Import Request.
  Time since last request: 0.000029 seconds.
  path: Assets/Traffic Signs Dutch/Prefabs/Rectangle_2/C12-ZE.prefab
  artifactKey: Guid(beb2a07ed03466d488e64bce0628abbd) Importer(815301076,1909f56bfc062723c751e8b465ee728b)
Start importing Assets/Traffic Signs Dutch/Prefabs/Rectangle_2/C12-ZE.prefab using Guid(beb2a07ed03466d488e64bce0628abbd) Importer(815301076,1909f56bfc062723c751e8b465ee728b)  -> (artifact id: '3bb8dcef5e34db29fc68151f9717b09f') in 0.028950 seconds 
========================================================================
Received Import Request.
  Time since last request: 0.000042 seconds.
  path: Assets/Traffic Signs Dutch/Prefabs/Rectangle_2/A02-060ze.prefab
  artifactKey: Guid(da2680f839deb754ba6238e17d5e324d) Importer(815301076,1909f56bfc062723c751e8b465ee728b)
Start importing Assets/Traffic Signs Dutch/Prefabs/Rectangle_2/A02-060ze.prefab using Guid(da2680f839deb754ba6238e17d5e324d) Importer(815301076,1909f56bfc062723c751e8b465ee728b)  -> (artifact id: '47fc09b880c3f3a8ad7717448c8b7005') in 0.028302 seconds 
========================================================================
Received Import Request.
  Time since last request: 0.000039 seconds.
  path: Assets/Traffic Signs Dutch/Prefabs/Rectangle_2/C12-ZE 1.prefab
  artifactKey: Guid(31149821807ded7439ede99f9c46c884) Importer(815301076,1909f56bfc062723c751e8b465ee728b)
Start importing Assets/Traffic Signs Dutch/Prefabs/Rectangle_2/C12-ZE 1.prefab using Guid(31149821807ded7439ede99f9c46c884) Importer(815301076,1909f56bfc062723c751e8b465ee728b)  -> (artifact id: 'ba5da12939f515335473b5168400b928') in 0.024650 seconds 
========================================================================
Received Import Request.
  Time since last request: 2.738462 seconds.
  path: Assets/Traffic Signs Dutch/Prefabs/Diamond
  artifactKey: Guid(56cde200e7ab9104a8e9675bccb8ec39) Importer(815301076,1909f56bfc062723c751e8b465ee728b)
Start importing Assets/Traffic Signs Dutch/Prefabs/Diamond using Guid(56cde200e7ab9104a8e9675bccb8ec39) Importer(815301076,1909f56bfc062723c751e8b465ee728b)  -> (artifact id: 'a4dbb04a05563a0b19ea7833cfc598b5') in 0.005210 seconds 
========================================================================
Received Import Request.
  Time since last request: 112.192165 seconds.
  path: Assets/Traffic Signs Dutch/Prefabs/Rectangle
  artifactKey: Guid(a9ff5e4a692b49d47a2508c82d04a46c) Importer(815301076,1909f56bfc062723c751e8b465ee728b)
Start importing Assets/Traffic Signs Dutch/Prefabs/Rectangle using Guid(a9ff5e4a692b49d47a2508c82d04a46c) Importer(815301076,1909f56bfc062723c751e8b465ee728b)  -> (artifact id: '60828f6fbd4756e58c91e6616804ad5f') in 0.003559 seconds 
========================================================================
Received Import Request.
  Time since last request: 163.341945 seconds.
  path: Assets/Scenes/Main World.unity
  artifactKey: Guid(1aa872bb37e838c4ab30391076aad903) Importer(815301076,1909f56bfc062723c751e8b465ee728b)
Start importing Assets/Scenes/Main World.unity using Guid(1aa872bb37e838c4ab30391076aad903) Importer(815301076,1909f56bfc062723c751e8b465ee728b)  -> (artifact id: 'd94a866757d3dd58a97fbfc878580e22') in 0.039464 seconds 
========================================================================
Received Prepare
Registering precompiled user dll's ...
Registered in 0.013038 seconds.
Begin MonoManager ReloadAssembly
Symbol file LoadedFromMemory doesn't match image C:\Users\bram\PnO5\Library\PackageCache\com.unity.visualscripting@1.7.8\Editor\VisualScripting.Core\Dependencies\DotNetZip\Unity.VisualScripting.IonicZip.dll
Symbol file LoadedFromMemory doesn't match image C:\Users\bram\PnO5\Library\PackageCache\com.unity.visualscripting@1.7.8\Editor\VisualScripting.Core\Dependencies\YamlDotNet\Unity.VisualScripting.YamlDotNet.dll
Native extension for WindowsStandalone target not found
Native extension for WebGL target not found
Refreshing native plugins compatible for Editor in 1.52 ms, found 10 plugins.
Preloading 1 native plugins for Editor in 0.13 ms.
[Package Manager] Server::EnsureServerProcessIsRunning -- launch failed, reason: Unity was launched with the -noUpm command-line argument
[Package Manager] Cannot connect to Unity Package Manager local server
[Package Manager] Server::EnsureServerProcessIsRunning -- launch failed, reason: Unity was launched with the -noUpm command-line argument
[Package Manager] Cannot connect to Unity Package Manager local server
[Package Manager] Server::EnsureServerProcessIsRunning -- launch failed, reason: Unity was launched with the -noUpm command-line argument
[Package Manager] Cannot connect to Unity Package Manager local server
Mono: successfully reloaded assembly
- Completed reload, in  1.231 seconds
Domain Reload Profiling:
	ReloadAssembly (1232ms)
		BeginReloadAssembly (153ms)
			ExecutionOrderSort (0ms)
			DisableScriptedObjects (4ms)
			BackupInstance (0ms)
			ReleaseScriptingObjects (0ms)
			CreateAndSetChildDomain (51ms)
		EndReloadAssembly (965ms)
			LoadAssemblies (115ms)
			RebuildTransferFunctionScriptingTraits (0ms)
			SetupTypeCache (296ms)
			ReleaseScriptCaches (2ms)
			RebuildScriptCaches (48ms)
			SetupLoadedEditorAssemblies (454ms)
				LogAssemblyErrors (0ms)
				InitializePlatformSupportModulesInManaged (14ms)
				SetLoadedEditorAssemblies (0ms)
				RefreshPlugins (2ms)
				BeforeProcessingInitializeOnLoad (83ms)
				ProcessInitializeOnLoadAttributes (321ms)
				ProcessInitializeOnLoadMethodAttributes (25ms)
				AfterProcessingInitializeOnLoad (9ms)
				EditorAssembliesLoaded (0ms)
			ExecutionOrderSort2 (0ms)
			AwakeInstancesAfterBackupRestoration (6ms)
Platform modules already initialized, skipping
Shader 'Oculus/OVRMRCameraFrameLit': fallback shader 'Alpha-Diffuse' not found
Refreshing native plugins compatible for Editor in 8.06 ms, found 10 plugins.
Preloading 1 native plugins for Editor in 0.06 ms.
Unloading 5566 Unused Serialized files (Serialized files now loaded: 0)
Unloading 90 unused Assets / (22.8 MB). Loaded Objects now: 6170.
Memory consumption went from 294.0 MB to 271.2 MB.
Total: 9.928800 ms (FindLiveObjects: 0.645600 ms CreateObjectMapping: 0.318800 ms MarkObjects: 4.883200 ms  DeleteObjects: 4.079200 ms)

AssetImportParameters requested are different than current active one (requested -> active):
  custom:video-decoder-ogg-theora: a1e56fd34408186e4bbccfd4996cb3dc -> 
  custom:container-muxer-webm: aa71ff27fc2769a1b78a27578f13a17b -> 
  custom:container-demuxer-webm: 4f35f7cbe854078d1ac9338744f61a02 -> 
  custom:video-encoder-webm-vp8: eb34c28f22e8b96e1ab97ce403110664 -> 
  custom:audio-encoder-webm-vorbis: bf7c407c2cedff20999df2af8eb42d56 -> 
  custom:framework-win-MediaFoundation: 216162199b28c13a410421893ffa2e32 -> 
  custom:container-demuxer-ogg: 62fdf1f143b41e24485cea50d1cbac27 -> 
  custom:video-decoder-webm-vp8: 9c59270c3fd7afecdb556c50c9e8de78 -> 
  custom:audio-decoder-ogg-vorbis: bf7c407c2cedff20999df2af8eb42d56 -> 
========================================================================
Received Prepare
Registering precompiled user dll's ...
Registered in 0.014973 seconds.
Begin MonoManager ReloadAssembly
Symbol file LoadedFromMemory doesn't match image C:\Users\bram\PnO5\Library\PackageCache\com.unity.visualscripting@1.7.8\Editor\VisualScripting.Core\Dependencies\DotNetZip\Unity.VisualScripting.IonicZip.dll
Symbol file LoadedFromMemory doesn't match image C:\Users\bram\PnO5\Library\PackageCache\com.unity.visualscripting@1.7.8\Editor\VisualScripting.Core\Dependencies\YamlDotNet\Unity.VisualScripting.YamlDotNet.dll
Native extension for WindowsStandalone target not found
Native extension for WebGL target not found
Refreshing native plugins compatible for Editor in 1.58 ms, found 10 plugins.
Preloading 1 native plugins for Editor in 0.13 ms.
[Package Manager] Server::EnsureServerProcessIsRunning -- launch failed, reason: Unity was launched with the -noUpm command-line argument
[Package Manager] Cannot connect to Unity Package Manager local server
[Package Manager] Server::EnsureServerProcessIsRunning -- launch failed, reason: Unity was launched with the -noUpm command-line argument
[Package Manager] Cannot connect to Unity Package Manager local server
[Package Manager] Server::EnsureServerProcessIsRunning -- launch failed, reason: Unity was launched with the -noUpm command-line argument
[Package Manager] Cannot connect to Unity Package Manager local server
Mono: successfully reloaded assembly
- Completed reload, in  1.267 seconds
Domain Reload Profiling:
	ReloadAssembly (1267ms)
		BeginReloadAssembly (162ms)
			ExecutionOrderSort (0ms)
			DisableScriptedObjects (4ms)
			BackupInstance (0ms)
			ReleaseScriptingObjects (0ms)
			CreateAndSetChildDomain (53ms)
		EndReloadAssembly (987ms)
			LoadAssemblies (128ms)
			RebuildTransferFunctionScriptingTraits (0ms)
			SetupTypeCache (303ms)
			ReleaseScriptCaches (2ms)
			RebuildScriptCaches (51ms)
			SetupLoadedEditorAssemblies (467ms)
				LogAssemblyErrors (0ms)
				InitializePlatformSupportModulesInManaged (16ms)
				SetLoadedEditorAssemblies (0ms)
				RefreshPlugins (2ms)
				BeforeProcessingInitializeOnLoad (109ms)
				ProcessInitializeOnLoadAttributes (306ms)
				ProcessInitializeOnLoadMethodAttributes (25ms)
				AfterProcessingInitializeOnLoad (8ms)
				EditorAssembliesLoaded (0ms)
			ExecutionOrderSort2 (0ms)
			AwakeInstancesAfterBackupRestoration (5ms)
Platform modules already initialized, skipping
Shader 'Oculus/OVRMRCameraFrameLit': fallback shader 'Alpha-Diffuse' not found
Refreshing native plugins compatible for Editor in 7.54 ms, found 10 plugins.
Preloading 1 native plugins for Editor in 0.07 ms.
Unloading 5566 Unused Serialized files (Serialized files now loaded: 0)
Unloading 90 unused Assets / (22.9 MB). Loaded Objects now: 6174.
Memory consumption went from 294.0 MB to 271.2 MB.
Total: 8.599900 ms (FindLiveObjects: 0.655200 ms CreateObjectMapping: 0.282200 ms MarkObjects: 3.327600 ms  DeleteObjects: 4.332800 ms)

AssetImportParameters requested are different than current active one (requested -> active):
  custom:video-decoder-ogg-theora: a1e56fd34408186e4bbccfd4996cb3dc -> 
  custom:container-muxer-webm: aa71ff27fc2769a1b78a27578f13a17b -> 
  custom:container-demuxer-webm: 4f35f7cbe854078d1ac9338744f61a02 -> 
  custom:video-encoder-webm-vp8: eb34c28f22e8b96e1ab97ce403110664 -> 
  custom:audio-encoder-webm-vorbis: bf7c407c2cedff20999df2af8eb42d56 -> 
  custom:framework-win-MediaFoundation: 216162199b28c13a410421893ffa2e32 -> 
  custom:container-demuxer-ogg: 62fdf1f143b41e24485cea50d1cbac27 -> 
  custom:video-decoder-webm-vp8: 9c59270c3fd7afecdb556c50c9e8de78 -> 
  custom:audio-decoder-ogg-vorbis: bf7c407c2cedff20999df2af8eb42d56 -> 
========================================================================
Received Prepare
Registering precompiled user dll's ...
Registered in 0.015734 seconds.
Begin MonoManager ReloadAssembly
Symbol file LoadedFromMemory doesn't match image C:\Users\bram\PnO5\Library\PackageCache\com.unity.visualscripting@1.7.8\Editor\VisualScripting.Core\Dependencies\DotNetZip\Unity.VisualScripting.IonicZip.dll
Symbol file LoadedFromMemory doesn't match image C:\Users\bram\PnO5\Library\PackageCache\com.unity.visualscripting@1.7.8\Editor\VisualScripting.Core\Dependencies\YamlDotNet\Unity.VisualScripting.YamlDotNet.dll
Native extension for WindowsStandalone target not found
Native extension for WebGL target not found
Refreshing native plugins compatible for Editor in 1.53 ms, found 10 plugins.
Preloading 1 native plugins for Editor in 0.12 ms.
[Package Manager] Server::EnsureServerProcessIsRunning -- launch failed, reason: Unity was launched with the -noUpm command-line argument
[Package Manager] Cannot connect to Unity Package Manager local server
[Package Manager] Server::EnsureServerProcessIsRunning -- launch failed, reason: Unity was launched with the -noUpm command-line argument
[Package Manager] Cannot connect to Unity Package Manager local server
[Package Manager] Server::EnsureServerProcessIsRunning -- launch failed, reason: Unity was launched with the -noUpm command-line argument
[Package Manager] Cannot connect to Unity Package Manager local server
Mono: successfully reloaded assembly
- Completed reload, in  1.234 seconds
Domain Reload Profiling:
	ReloadAssembly (1235ms)
		BeginReloadAssembly (172ms)
			ExecutionOrderSort (0ms)
			DisableScriptedObjects (4ms)
			BackupInstance (0ms)
			ReleaseScriptingObjects (0ms)
			CreateAndSetChildDomain (74ms)
		EndReloadAssembly (944ms)
			LoadAssemblies (115ms)
			RebuildTransferFunctionScriptingTraits (0ms)
			SetupTypeCache (309ms)
			ReleaseScriptCaches (2ms)
			RebuildScriptCaches (45ms)
			SetupLoadedEditorAssemblies (430ms)
				LogAssemblyErrors (0ms)
				InitializePlatformSupportModulesInManaged (15ms)
				SetLoadedEditorAssemblies (1ms)
				RefreshPlugins (2ms)
				BeforeProcessingInitializeOnLoad (88ms)
				ProcessInitializeOnLoadAttributes (277ms)
				ProcessInitializeOnLoadMethodAttributes (37ms)
				AfterProcessingInitializeOnLoad (11ms)
				EditorAssembliesLoaded (0ms)
			ExecutionOrderSort2 (0ms)
			AwakeInstancesAfterBackupRestoration (6ms)
Platform modules already initialized, skipping
Shader 'Oculus/OVRMRCameraFrameLit': fallback shader 'Alpha-Diffuse' not found
Refreshing native plugins compatible for Editor in 7.28 ms, found 10 plugins.
Preloading 1 native plugins for Editor in 0.06 ms.
Unloading 5566 Unused Serialized files (Serialized files now loaded: 0)
Unloading 90 unused Assets / (22.9 MB). Loaded Objects now: 6178.
Memory consumption went from 294.1 MB to 271.2 MB.
Total: 8.516700 ms (FindLiveObjects: 0.498700 ms CreateObjectMapping: 0.172600 ms MarkObjects: 3.416600 ms  DeleteObjects: 4.426100 ms)

AssetImportParameters requested are different than current active one (requested -> active):
  custom:video-decoder-ogg-theora: a1e56fd34408186e4bbccfd4996cb3dc -> 
  custom:container-muxer-webm: aa71ff27fc2769a1b78a27578f13a17b -> 
  custom:container-demuxer-webm: 4f35f7cbe854078d1ac9338744f61a02 -> 
  custom:video-encoder-webm-vp8: eb34c28f22e8b96e1ab97ce403110664 -> 
  custom:audio-encoder-webm-vorbis: bf7c407c2cedff20999df2af8eb42d56 -> 
  custom:framework-win-MediaFoundation: 216162199b28c13a410421893ffa2e32 -> 
  custom:container-demuxer-ogg: 62fdf1f143b41e24485cea50d1cbac27 -> 
  custom:video-decoder-webm-vp8: 9c59270c3fd7afecdb556c50c9e8de78 -> 
  custom:audio-decoder-ogg-vorbis: bf7c407c2cedff20999df2af8eb42d56 -> 
========================================================================
Received Prepare
Registering precompiled user dll's ...
Registered in 0.010807 seconds.
Begin MonoManager ReloadAssembly
Symbol file LoadedFromMemory doesn't match image C:\Users\bram\PnO5\Library\PackageCache\com.unity.visualscripting@1.7.8\Editor\VisualScripting.Core\Dependencies\DotNetZip\Unity.VisualScripting.IonicZip.dll
Symbol file LoadedFromMemory doesn't match image C:\Users\bram\PnO5\Library\PackageCache\com.unity.visualscripting@1.7.8\Editor\VisualScripting.Core\Dependencies\YamlDotNet\Unity.VisualScripting.YamlDotNet.dll
Native extension for WindowsStandalone target not found
Native extension for WebGL target not found
Refreshing native plugins compatible for Editor in 1.69 ms, found 10 plugins.
Preloading 1 native plugins for Editor in 0.14 ms.
[Package Manager] Server::EnsureServerProcessIsRunning -- launch failed, reason: Unity was launched with the -noUpm command-line argument
[Package Manager] Cannot connect to Unity Package Manager local server
[Package Manager] Server::EnsureServerProcessIsRunning -- launch failed, reason: Unity was launched with the -noUpm command-line argument
[Package Manager] Cannot connect to Unity Package Manager local server
[Package Manager] Server::EnsureServerProcessIsRunning -- launch failed, reason: Unity was launched with the -noUpm command-line argument
[Package Manager] Cannot connect to Unity Package Manager local server
Mono: successfully reloaded assembly
- Completed reload, in  1.233 seconds
Domain Reload Profiling:
	ReloadAssembly (1234ms)
		BeginReloadAssembly (152ms)
			ExecutionOrderSort (0ms)
			DisableScriptedObjects (4ms)
			BackupInstance (0ms)
			ReleaseScriptingObjects (0ms)
			CreateAndSetChildDomain (41ms)
		EndReloadAssembly (952ms)
			LoadAssemblies (128ms)
			RebuildTransferFunctionScriptingTraits (0ms)
			SetupTypeCache (299ms)
			ReleaseScriptCaches (2ms)
			RebuildScriptCaches (50ms)
			SetupLoadedEditorAssemblies (431ms)
				LogAssemblyErrors (0ms)
				InitializePlatformSupportModulesInManaged (15ms)
				SetLoadedEditorAssemblies (0ms)
				RefreshPlugins (2ms)
				BeforeProcessingInitializeOnLoad (90ms)
				ProcessInitializeOnLoadAttributes (284ms)
				ProcessInitializeOnLoadMethodAttributes (32ms)
				AfterProcessingInitializeOnLoad (7ms)
				EditorAssembliesLoaded (0ms)
			ExecutionOrderSort2 (0ms)
			AwakeInstancesAfterBackupRestoration (6ms)
Platform modules already initialized, skipping
Shader 'Oculus/OVRMRCameraFrameLit': fallback shader 'Alpha-Diffuse' not found
Refreshing native plugins compatible for Editor in 10.26 ms, found 10 plugins.
Preloading 1 native plugins for Editor in 0.11 ms.
Unloading 5566 Unused Serialized files (Serialized files now loaded: 0)
Unloading 90 unused Assets / (22.9 MB). Loaded Objects now: 6182.
Memory consumption went from 294.1 MB to 271.2 MB.
Total: 9.769600 ms (FindLiveObjects: 0.555200 ms CreateObjectMapping: 0.373300 ms MarkObjects: 3.681900 ms  DeleteObjects: 5.155300 ms)

AssetImportParameters requested are different than current active one (requested -> active):
  custom:video-decoder-ogg-theora: a1e56fd34408186e4bbccfd4996cb3dc -> 
  custom:container-muxer-webm: aa71ff27fc2769a1b78a27578f13a17b -> 
  custom:container-demuxer-webm: 4f35f7cbe854078d1ac9338744f61a02 -> 
  custom:video-encoder-webm-vp8: eb34c28f22e8b96e1ab97ce403110664 -> 
  custom:audio-encoder-webm-vorbis: bf7c407c2cedff20999df2af8eb42d56 -> 
  custom:framework-win-MediaFoundation: 216162199b28c13a410421893ffa2e32 -> 
  custom:container-demuxer-ogg: 62fdf1f143b41e24485cea50d1cbac27 -> 
  custom:video-decoder-webm-vp8: 9c59270c3fd7afecdb556c50c9e8de78 -> 
  custom:audio-decoder-ogg-vorbis: bf7c407c2cedff20999df2af8eb42d56 -> 
========================================================================
Received Prepare
Registering precompiled user dll's ...
Registered in 0.012348 seconds.
Begin MonoManager ReloadAssembly
Symbol file LoadedFromMemory doesn't match image C:\Users\bram\PnO5\Library\PackageCache\com.unity.visualscripting@1.7.8\Editor\VisualScripting.Core\Dependencies\DotNetZip\Unity.VisualScripting.IonicZip.dll
Symbol file LoadedFromMemory doesn't match image C:\Users\bram\PnO5\Library\PackageCache\com.unity.visualscripting@1.7.8\Editor\VisualScripting.Core\Dependencies\YamlDotNet\Unity.VisualScripting.YamlDotNet.dll
Native extension for WindowsStandalone target not found
Native extension for WebGL target not found
Refreshing native plugins compatible for Editor in 1.55 ms, found 10 plugins.
Preloading 1 native plugins for Editor in 0.09 ms.
[Package Manager] Server::EnsureServerProcessIsRunning -- launch failed, reason: Unity was launched with the -noUpm command-line argument
[Package Manager] Cannot connect to Unity Package Manager local server
[Package Manager] Server::EnsureServerProcessIsRunning -- launch failed, reason: Unity was launched with the -noUpm command-line argument
[Package Manager] Cannot connect to Unity Package Manager local server
[Package Manager] Server::EnsureServerProcessIsRunning -- launch failed, reason: Unity was launched with the -noUpm command-line argument
[Package Manager] Cannot connect to Unity Package Manager local server
Mono: successfully reloaded assembly
- Completed reload, in  1.202 seconds
Domain Reload Profiling:
	ReloadAssembly (1203ms)
		BeginReloadAssembly (148ms)
			ExecutionOrderSort (0ms)
			DisableScriptedObjects (4ms)
			BackupInstance (0ms)
			ReleaseScriptingObjects (0ms)
			CreateAndSetChildDomain (48ms)
		EndReloadAssembly (949ms)
			LoadAssemblies (122ms)
			RebuildTransferFunctionScriptingTraits (0ms)
			SetupTypeCache (308ms)
			ReleaseScriptCaches (1ms)
			RebuildScriptCaches (44ms)
			SetupLoadedEditorAssemblies (429ms)
				LogAssemblyErrors (0ms)
				InitializePlatformSupportModulesInManaged (13ms)
				SetLoadedEditorAssemblies (0ms)
				RefreshPlugins (2ms)
				BeforeProcessingInitializeOnLoad (93ms)
				ProcessInitializeOnLoadAttributes (287ms)
				ProcessInitializeOnLoadMethodAttributes (25ms)
				AfterProcessingInitializeOnLoad (7ms)
				EditorAssembliesLoaded (0ms)
			ExecutionOrderSort2 (0ms)
			AwakeInstancesAfterBackupRestoration (5ms)
Platform modules already initialized, skipping
Shader 'Oculus/OVRMRCameraFrameLit': fallback shader 'Alpha-Diffuse' not found
Refreshing native plugins compatible for Editor in 7.84 ms, found 10 plugins.
Preloading 1 native plugins for Editor in 0.06 ms.
Unloading 5566 Unused Serialized files (Serialized files now loaded: 0)
Unloading 90 unused Assets / (22.9 MB). Loaded Objects now: 6186.
Memory consumption went from 294.1 MB to 271.2 MB.
Total: 8.187200 ms (FindLiveObjects: 0.521200 ms CreateObjectMapping: 0.401900 ms MarkObjects: 3.535800 ms  DeleteObjects: 3.726600 ms)

AssetImportParameters requested are different than current active one (requested -> active):
  custom:video-decoder-ogg-theora: a1e56fd34408186e4bbccfd4996cb3dc -> 
  custom:container-muxer-webm: aa71ff27fc2769a1b78a27578f13a17b -> 
  custom:container-demuxer-webm: 4f35f7cbe854078d1ac9338744f61a02 -> 
  custom:video-encoder-webm-vp8: eb34c28f22e8b96e1ab97ce403110664 -> 
  custom:audio-encoder-webm-vorbis: bf7c407c2cedff20999df2af8eb42d56 -> 
  custom:framework-win-MediaFoundation: 216162199b28c13a410421893ffa2e32 -> 
  custom:container-demuxer-ogg: 62fdf1f143b41e24485cea50d1cbac27 -> 
  custom:video-decoder-webm-vp8: 9c59270c3fd7afecdb556c50c9e8de78 -> 
  custom:audio-decoder-ogg-vorbis: bf7c407c2cedff20999df2af8eb42d56 -> 
